<?xml version="1.0" encoding="UTF-8" standalone="yes"?><!DOCTYPE report PUBLIC "-//JACOCO//DTD Report 1.0//EN" "report.dtd"><report name="OpenADRServerVEN20b"><sessioninfo id="bzanni-5ce159ae" start="1549637705389" dump="1549637714236"/><package name="com/avob/openadr/server/oadr20b/ven/controller"><class name="com/avob/openadr/server/oadr20b/ven/controller/Oadr20bVENEiRegisterPartyController"><method name="&lt;init&gt;" desc="()V" line="54"><counter type="INSTRUCTION" missed="0" covered="6"/><counter type="LINE" missed="0" covered="3"/><counter type="COMPLEXITY" missed="0" covered="1"/><counter type="METHOD" missed="0" covered="1"/></method><method name="request" desc="(Ljava/lang/String;Ljava/security/Principal;)Ljava/lang/String;" line="64"><counter type="INSTRUCTION" missed="73" covered="0"/><counter type="BRANCH" missed="6" covered="0"/><counter type="LINE" missed="15" covered="0"/><counter type="COMPLEXITY" missed="4" covered="0"/><counter type="METHOD" missed="1" covered="0"/></method><method name="handle" desc="(Lcom/avob/openadr/server/oadr20b/ven/VtnSessionConfiguration;Lcom/avob/openadr/model/oadr20b/oadr/OadrPayload;)Ljava/lang/String;" line="100"><counter type="INSTRUCTION" missed="55" covered="0"/><counter type="BRANCH" missed="4" covered="0"/><counter type="LINE" missed="8" covered="0"/><counter type="COMPLEXITY" missed="3" covered="0"/><counter type="METHOD" missed="1" covered="0"/></method><method name="handle" desc="(Lcom/avob/openadr/server/oadr20b/ven/VtnSessionConfiguration;Lcom/avob/openadr/model/oadr20b/oadr/OadrRequestReregistrationType;Z)Ljava/lang/String;" line="117"><counter type="INSTRUCTION" missed="23" covered="0"/><counter type="BRANCH" missed="2" covered="0"/><counter type="LINE" missed="6" covered="0"/><counter type="COMPLEXITY" missed="2" covered="0"/><counter type="METHOD" missed="1" covered="0"/></method><method name="handle" desc="(Lcom/avob/openadr/server/oadr20b/ven/VtnSessionConfiguration;Lcom/avob/openadr/model/oadr20b/oadr/OadrCancelPartyRegistrationType;Z)Ljava/lang/String;" line="136"><counter type="INSTRUCTION" missed="23" covered="0"/><counter type="BRANCH" missed="2" covered="0"/><counter type="LINE" missed="6" covered="0"/><counter type="COMPLEXITY" missed="2" covered="0"/><counter type="METHOD" missed="1" covered="0"/></method><method name="&lt;clinit&gt;" desc="()V" line="41"><counter type="INSTRUCTION" missed="0" covered="4"/><counter type="LINE" missed="0" covered="1"/><counter type="COMPLEXITY" missed="0" covered="1"/><counter type="METHOD" missed="0" covered="1"/></method><counter type="INSTRUCTION" missed="174" covered="10"/><counter type="BRANCH" missed="14" covered="0"/><counter type="LINE" missed="35" covered="4"/><counter type="COMPLEXITY" missed="11" covered="2"/><counter type="METHOD" missed="4" covered="2"/><counter type="CLASS" missed="0" covered="1"/></class><class name="com/avob/openadr/server/oadr20b/ven/controller/Oadr20bVENEiEventController"><method name="&lt;init&gt;" desc="()V" line="54"><counter type="INSTRUCTION" missed="0" covered="6"/><counter type="LINE" missed="0" covered="3"/><counter type="COMPLEXITY" missed="0" covered="1"/><counter type="METHOD" missed="0" covered="1"/></method><method name="handleOadr20aDistributeEventApplicationLayerException" desc="(Lcom/avob/openadr/server/oadr20b/ven/exception/Oadr20bDistributeEventApplicationLayerException;)Ljava/lang/String;" line="68"><counter type="INSTRUCTION" missed="17" covered="0"/><counter type="LINE" missed="5" covered="0"/><counter type="COMPLEXITY" missed="1" covered="0"/><counter type="METHOD" missed="1" covered="0"/></method><method name="request" desc="(Ljava/lang/String;Ljava/security/Principal;)Ljava/lang/String;" line="83"><counter type="INSTRUCTION" missed="54" covered="0"/><counter type="BRANCH" missed="4" covered="0"/><counter type="LINE" missed="12" covered="0"/><counter type="COMPLEXITY" missed="3" covered="0"/><counter type="METHOD" missed="1" covered="0"/></method><method name="handle" desc="(Lcom/avob/openadr/server/oadr20b/ven/VtnSessionConfiguration;Lcom/avob/openadr/model/oadr20b/oadr/OadrPayload;)Ljava/lang/String;" line="114"><counter type="INSTRUCTION" missed="32" covered="0"/><counter type="BRANCH" missed="2" covered="0"/><counter type="LINE" missed="5" covered="0"/><counter type="COMPLEXITY" missed="2" covered="0"/><counter type="METHOD" missed="1" covered="0"/></method><method name="handle" desc="(Lcom/avob/openadr/server/oadr20b/ven/VtnSessionConfiguration;Lcom/avob/openadr/model/oadr20b/oadr/OadrDistributeEventType;Z)Ljava/lang/String;" line="128"><counter type="INSTRUCTION" missed="23" covered="0"/><counter type="BRANCH" missed="2" covered="0"/><counter type="LINE" missed="6" covered="0"/><counter type="COMPLEXITY" missed="2" covered="0"/><counter type="METHOD" missed="1" covered="0"/></method><method name="&lt;clinit&gt;" desc="()V" line="41"><counter type="INSTRUCTION" missed="0" covered="4"/><counter type="LINE" missed="0" covered="1"/><counter type="COMPLEXITY" missed="0" covered="1"/><counter type="METHOD" missed="0" covered="1"/></method><counter type="INSTRUCTION" missed="126" covered="10"/><counter type="BRANCH" missed="8" covered="0"/><counter type="LINE" missed="28" covered="4"/><counter type="COMPLEXITY" missed="8" covered="2"/><counter type="METHOD" missed="4" covered="2"/><counter type="CLASS" missed="0" covered="1"/></class><class name="com/avob/openadr/server/oadr20b/ven/controller/Oadr20bVENEiReportController"><method name="&lt;init&gt;" desc="()V" line="58"><counter type="INSTRUCTION" missed="0" covered="6"/><counter type="LINE" missed="0" covered="3"/><counter type="COMPLEXITY" missed="0" covered="1"/><counter type="METHOD" missed="0" covered="1"/></method><method name="request" desc="(Ljava/lang/String;Ljava/security/Principal;)Ljava/lang/String;" line="68"><counter type="INSTRUCTION" missed="129" covered="0"/><counter type="BRANCH" missed="10" covered="0"/><counter type="LINE" missed="27" covered="0"/><counter type="COMPLEXITY" missed="6" covered="0"/><counter type="METHOD" missed="1" covered="0"/></method><method name="handle" desc="(Lcom/avob/openadr/server/oadr20b/ven/VtnSessionConfiguration;Lcom/avob/openadr/model/oadr20b/oadr/OadrUpdateReportType;Z)Ljava/lang/String;" line="128"><counter type="INSTRUCTION" missed="23" covered="0"/><counter type="BRANCH" missed="2" covered="0"/><counter type="LINE" missed="6" covered="0"/><counter type="COMPLEXITY" missed="2" covered="0"/><counter type="METHOD" missed="1" covered="0"/></method><method name="handle" desc="(Lcom/avob/openadr/server/oadr20b/ven/VtnSessionConfiguration;Lcom/avob/openadr/model/oadr20b/oadr/OadrRegisterReportType;Z)Ljava/lang/String;" line="144"><counter type="INSTRUCTION" missed="23" covered="0"/><counter type="BRANCH" missed="2" covered="0"/><counter type="LINE" missed="6" covered="0"/><counter type="COMPLEXITY" missed="2" covered="0"/><counter type="METHOD" missed="1" covered="0"/></method><method name="handle" desc="(Lcom/avob/openadr/server/oadr20b/ven/VtnSessionConfiguration;Lcom/avob/openadr/model/oadr20b/oadr/OadrCreateReportType;Z)Ljava/lang/String;" line="160"><counter type="INSTRUCTION" missed="23" covered="0"/><counter type="BRANCH" missed="2" covered="0"/><counter type="LINE" missed="6" covered="0"/><counter type="COMPLEXITY" missed="2" covered="0"/><counter type="METHOD" missed="1" covered="0"/></method><method name="handle" desc="(Lcom/avob/openadr/server/oadr20b/ven/VtnSessionConfiguration;Lcom/avob/openadr/model/oadr20b/oadr/OadrCancelReportType;Z)Ljava/lang/String;" line="176"><counter type="INSTRUCTION" missed="23" covered="0"/><counter type="BRANCH" missed="2" covered="0"/><counter type="LINE" missed="6" covered="0"/><counter type="COMPLEXITY" missed="2" covered="0"/><counter type="METHOD" missed="1" covered="0"/></method><method name="handle" desc="(Lcom/avob/openadr/server/oadr20b/ven/VtnSessionConfiguration;Lcom/avob/openadr/model/oadr20b/oadr/OadrPayload;)Ljava/lang/String;" line="192"><counter type="INSTRUCTION" missed="101" covered="0"/><counter type="BRANCH" missed="8" covered="0"/><counter type="LINE" missed="14" covered="0"/><counter type="COMPLEXITY" missed="5" covered="0"/><counter type="METHOD" missed="1" covered="0"/></method><method name="&lt;clinit&gt;" desc="()V" line="45"><counter type="INSTRUCTION" missed="0" covered="4"/><counter type="LINE" missed="0" covered="1"/><counter type="COMPLEXITY" missed="0" covered="1"/><counter type="METHOD" missed="0" covered="1"/></method><counter type="INSTRUCTION" missed="322" covered="10"/><counter type="BRANCH" missed="26" covered="0"/><counter type="LINE" missed="65" covered="4"/><counter type="COMPLEXITY" missed="19" covered="2"/><counter type="METHOD" missed="6" covered="2"/><counter type="CLASS" missed="0" covered="1"/></class><sourcefile name="Oadr20bVENEiReportController.java"><line nr="45" mi="0" ci="4" mb="0" cb="0"/><line nr="58" mi="0" ci="2" mb="0" cb="0"/><line nr="59" mi="0" ci="3" mb="0" cb="0"/><line nr="60" mi="0" ci="1" mb="0" cb="0"/><line nr="68" mi="5" ci="0" mb="0" cb="0"/><line nr="70" mi="3" ci="0" mb="0" cb="0"/><line nr="72" mi="5" ci="0" mb="0" cb="0"/><line nr="74" mi="3" ci="0" mb="2" cb="0"/><line nr="76" mi="3" ci="0" mb="0" cb="0"/><line nr="78" mi="5" ci="0" mb="0" cb="0"/><line nr="80" mi="3" ci="0" mb="2" cb="0"/><line nr="82" mi="3" ci="0" mb="0" cb="0"/><line nr="84" mi="3" ci="0" mb="0" cb="0"/><line nr="86" mi="10" ci="0" mb="0" cb="0"/><line nr="88" mi="6" ci="0" mb="0" cb="0"/><line nr="90" mi="3" ci="0" mb="2" cb="0"/><line nr="92" mi="3" ci="0" mb="0" cb="0"/><line nr="94" mi="3" ci="0" mb="0" cb="0"/><line nr="96" mi="10" ci="0" mb="0" cb="0"/><line nr="98" mi="6" ci="0" mb="0" cb="0"/><line nr="100" mi="3" ci="0" mb="2" cb="0"/><line nr="102" mi="3" ci="0" mb="0" cb="0"/><line nr="104" mi="3" ci="0" mb="0" cb="0"/><line nr="106" mi="10" ci="0" mb="0" cb="0"/><line nr="108" mi="6" ci="0" mb="0" cb="0"/><line nr="110" mi="3" ci="0" mb="2" cb="0"/><line nr="112" mi="3" ci="0" mb="0" cb="0"/><line nr="114" mi="3" ci="0" mb="0" cb="0"/><line nr="116" mi="10" ci="0" mb="0" cb="0"/><line nr="118" mi="6" ci="0" mb="0" cb="0"/><line nr="122" mi="5" ci="0" mb="0" cb="0"/><line nr="128" mi="6" ci="0" mb="0" cb="0"/><line nr="130" mi="2" ci="0" mb="0" cb="0"/><line nr="132" mi="2" ci="0" mb="2" cb="0"/><line nr="133" mi="6" ci="0" mb="0" cb="0"/><line nr="135" mi="5" ci="0" mb="0" cb="0"/><line nr="138" mi="2" ci="0" mb="0" cb="0"/><line nr="144" mi="6" ci="0" mb="0" cb="0"/><line nr="146" mi="2" ci="0" mb="0" cb="0"/><line nr="148" mi="2" ci="0" mb="2" cb="0"/><line nr="149" mi="6" ci="0" mb="0" cb="0"/><line nr="151" mi="5" ci="0" mb="0" cb="0"/><line nr="154" mi="2" ci="0" mb="0" cb="0"/><line nr="160" mi="6" ci="0" mb="0" cb="0"/><line nr="162" mi="2" ci="0" mb="0" cb="0"/><line nr="164" mi="2" ci="0" mb="2" cb="0"/><line nr="165" mi="6" ci="0" mb="0" cb="0"/><line nr="167" mi="5" ci="0" mb="0" cb="0"/><line nr="170" mi="2" ci="0" mb="0" cb="0"/><line nr="176" mi="6" ci="0" mb="0" cb="0"/><line nr="178" mi="2" ci="0" mb="0" cb="0"/><line nr="180" mi="2" ci="0" mb="2" cb="0"/><line nr="181" mi="6" ci="0" mb="0" cb="0"/><line nr="183" mi="5" ci="0" mb="0" cb="0"/><line nr="186" mi="2" ci="0" mb="0" cb="0"/><line nr="192" mi="4" ci="0" mb="0" cb="0"/><line nr="194" mi="4" ci="0" mb="2" cb="0"/><line nr="195" mi="11" ci="0" mb="0" cb="0"/><line nr="196" mi="8" ci="0" mb="0" cb="0"/><line nr="197" mi="4" ci="0" mb="2" cb="0"/><line nr="198" mi="11" ci="0" mb="0" cb="0"/><line nr="199" mi="8" ci="0" mb="0" cb="0"/><line nr="200" mi="4" ci="0" mb="2" cb="0"/><line nr="201" mi="11" ci="0" mb="0" cb="0"/><line nr="202" mi="8" ci="0" mb="0" cb="0"/><line nr="203" mi="4" ci="0" mb="2" cb="0"/><line nr="204" mi="11" ci="0" mb="0" cb="0"/><line nr="205" mi="8" ci="0" mb="0" cb="0"/><line nr="208" mi="5" ci="0" mb="0" cb="0"/><counter type="INSTRUCTION" missed="322" covered="10"/><counter type="BRANCH" missed="26" covered="0"/><counter type="LINE" missed="65" covered="4"/><counter type="COMPLEXITY" missed="19" covered="2"/><counter type="METHOD" missed="6" covered="2"/><counter type="CLASS" missed="0" covered="1"/></sourcefile><sourcefile name="Oadr20bVENEiEventController.java"><line nr="41" mi="0" ci="4" mb="0" cb="0"/><line nr="54" mi="0" ci="2" mb="0" cb="0"/><line nr="55" mi="0" ci="3" mb="0" cb="0"/><line nr="56" mi="0" ci="1" mb="0" cb="0"/><line nr="68" mi="4" ci="0" mb="0" cb="0"/><line nr="70" mi="6" ci="0" mb="0" cb="0"/><line nr="71" mi="1" ci="0" mb="0" cb="0"/><line nr="72" mi="4" ci="0" mb="0" cb="0"/><line nr="74" mi="2" ci="0" mb="0" cb="0"/><line nr="83" mi="5" ci="0" mb="0" cb="0"/><line nr="85" mi="3" ci="0" mb="0" cb="0"/><line nr="87" mi="3" ci="0" mb="0" cb="0"/><line nr="89" mi="5" ci="0" mb="0" cb="0"/><line nr="91" mi="3" ci="0" mb="2" cb="0"/><line nr="93" mi="3" ci="0" mb="0" cb="0"/><line nr="95" mi="5" ci="0" mb="0" cb="0"/><line nr="97" mi="3" ci="0" mb="2" cb="0"/><line nr="99" mi="3" ci="0" mb="0" cb="0"/><line nr="101" mi="10" ci="0" mb="0" cb="0"/><line nr="103" mi="6" ci="0" mb="0" cb="0"/><line nr="107" mi="5" ci="0" mb="0" cb="0"/><line nr="114" mi="4" ci="0" mb="0" cb="0"/><line nr="116" mi="4" ci="0" mb="2" cb="0"/><line nr="117" mi="11" ci="0" mb="0" cb="0"/><line nr="118" mi="8" ci="0" mb="0" cb="0"/><line nr="120" mi="5" ci="0" mb="0" cb="0"/><line nr="128" mi="6" ci="0" mb="0" cb="0"/><line nr="130" mi="2" ci="0" mb="0" cb="0"/><line nr="132" mi="2" ci="0" mb="2" cb="0"/><line nr="133" mi="6" ci="0" mb="0" cb="0"/><line nr="135" mi="5" ci="0" mb="0" cb="0"/><line nr="138" mi="2" ci="0" mb="0" cb="0"/><counter type="INSTRUCTION" missed="126" covered="10"/><counter type="BRANCH" missed="8" covered="0"/><counter type="LINE" missed="28" covered="4"/><counter type="COMPLEXITY" missed="8" covered="2"/><counter type="METHOD" missed="4" covered="2"/><counter type="CLASS" missed="0" covered="1"/></sourcefile><sourcefile name="Oadr20bVENEiRegisterPartyController.java"><line nr="41" mi="0" ci="4" mb="0" cb="0"/><line nr="54" mi="0" ci="2" mb="0" cb="0"/><line nr="55" mi="0" ci="3" mb="0" cb="0"/><line nr="56" mi="0" ci="1" mb="0" cb="0"/><line nr="64" mi="5" ci="0" mb="0" cb="0"/><line nr="66" mi="3" ci="0" mb="0" cb="0"/><line nr="68" mi="5" ci="0" mb="0" cb="0"/><line nr="70" mi="3" ci="0" mb="2" cb="0"/><line nr="72" mi="3" ci="0" mb="0" cb="0"/><line nr="74" mi="5" ci="0" mb="0" cb="0"/><line nr="76" mi="3" ci="0" mb="2" cb="0"/><line nr="78" mi="3" ci="0" mb="0" cb="0"/><line nr="80" mi="10" ci="0" mb="0" cb="0"/><line nr="82" mi="6" ci="0" mb="0" cb="0"/><line nr="84" mi="3" ci="0" mb="2" cb="0"/><line nr="86" mi="3" ci="0" mb="0" cb="0"/><line nr="88" mi="10" ci="0" mb="0" cb="0"/><line nr="90" mi="6" ci="0" mb="0" cb="0"/><line nr="94" mi="5" ci="0" mb="0" cb="0"/><line nr="100" mi="4" ci="0" mb="0" cb="0"/><line nr="102" mi="4" ci="0" mb="2" cb="0"/><line nr="103" mi="11" ci="0" mb="0" cb="0"/><line nr="104" mi="8" ci="0" mb="0" cb="0"/><line nr="105" mi="4" ci="0" mb="2" cb="0"/><line nr="106" mi="11" ci="0" mb="0" cb="0"/><line nr="107" mi="8" ci="0" mb="0" cb="0"/><line nr="110" mi="5" ci="0" mb="0" cb="0"/><line nr="117" mi="6" ci="0" mb="0" cb="0"/><line nr="120" mi="2" ci="0" mb="0" cb="0"/><line nr="122" mi="2" ci="0" mb="2" cb="0"/><line nr="123" mi="6" ci="0" mb="0" cb="0"/><line nr="125" mi="5" ci="0" mb="0" cb="0"/><line nr="128" mi="2" ci="0" mb="0" cb="0"/><line nr="136" mi="6" ci="0" mb="0" cb="0"/><line nr="139" mi="2" ci="0" mb="0" cb="0"/><line nr="141" mi="2" ci="0" mb="2" cb="0"/><line nr="142" mi="6" ci="0" mb="0" cb="0"/><line nr="144" mi="5" ci="0" mb="0" cb="0"/><line nr="147" mi="2" ci="0" mb="0" cb="0"/><counter type="INSTRUCTION" missed="174" covered="10"/><counter type="BRANCH" missed="14" covered="0"/><counter type="LINE" missed="35" covered="4"/><counter type="COMPLEXITY" missed="11" covered="2"/><counter type="METHOD" missed="4" covered="2"/><counter type="CLASS" missed="0" covered="1"/></sourcefile><counter type="INSTRUCTION" missed="622" covered="30"/><counter type="BRANCH" missed="48" covered="0"/><counter type="LINE" missed="128" covered="12"/><counter type="COMPLEXITY" missed="38" covered="6"/><counter type="METHOD" missed="14" covered="6"/><counter type="CLASS" missed="0" covered="3"/></package><package name="com/avob/openadr/server/oadr20b/ven"><class name="com/avob/openadr/server/oadr20b/ven/VtnSessionConfiguration"><method name="&lt;init&gt;" desc="(Ljava/util/Properties;)V" line="22"><counter type="INSTRUCTION" missed="31" covered="39"/><counter type="BRANCH" missed="9" covered="5"/><counter type="LINE" missed="8" covered="10"/><counter type="COMPLEXITY" missed="5" covered="3"/><counter type="METHOD" missed="0" covered="1"/></method><method name="getVtnId" desc="()Ljava/lang/String;" line="45"><counter type="INSTRUCTION" missed="0" covered="3"/><counter type="LINE" missed="0" covered="1"/><counter type="COMPLEXITY" missed="0" covered="1"/><counter type="METHOD" missed="0" covered="1"/></method><method name="setVtnId" desc="(Ljava/lang/String;)V" line="49"><counter type="INSTRUCTION" missed="0" covered="4"/><counter type="LINE" missed="0" covered="2"/><counter type="COMPLEXITY" missed="0" covered="1"/><counter type="METHOD" missed="0" covered="1"/></method><method name="getVtnUrl" desc="()Ljava/lang/String;" line="53"><counter type="INSTRUCTION" missed="0" covered="3"/><counter type="LINE" missed="0" covered="1"/><counter type="COMPLEXITY" missed="0" covered="1"/><counter type="METHOD" missed="0" covered="1"/></method><method name="setVtnUrl" desc="(Ljava/lang/String;)V" line="57"><counter type="INSTRUCTION" missed="0" covered="4"/><counter type="LINE" missed="0" covered="2"/><counter type="COMPLEXITY" missed="0" covered="1"/><counter type="METHOD" missed="0" covered="1"/></method><method name="getBasicUser" desc="()Ljava/lang/String;" line="61"><counter type="INSTRUCTION" missed="3" covered="0"/><counter type="LINE" missed="1" covered="0"/><counter type="COMPLEXITY" missed="1" covered="0"/><counter type="METHOD" missed="1" covered="0"/></method><method name="setBasicUser" desc="(Ljava/lang/String;)V" line="65"><counter type="INSTRUCTION" missed="4" covered="0"/><counter type="LINE" missed="2" covered="0"/><counter type="COMPLEXITY" missed="1" covered="0"/><counter type="METHOD" missed="1" covered="0"/></method><method name="getBasicPass" desc="()Ljava/lang/String;" line="69"><counter type="INSTRUCTION" missed="3" covered="0"/><counter type="LINE" missed="1" covered="0"/><counter type="COMPLEXITY" missed="1" covered="0"/><counter type="METHOD" missed="1" covered="0"/></method><method name="setBasicPass" desc="(Ljava/lang/String;)V" line="73"><counter type="INSTRUCTION" missed="4" covered="0"/><counter type="LINE" missed="2" covered="0"/><counter type="COMPLEXITY" missed="1" covered="0"/><counter type="METHOD" missed="1" covered="0"/></method><method name="getDigestUser" desc="()Ljava/lang/String;" line="77"><counter type="INSTRUCTION" missed="3" covered="0"/><counter type="LINE" missed="1" covered="0"/><counter type="COMPLEXITY" missed="1" covered="0"/><counter type="METHOD" missed="1" covered="0"/></method><method name="setDigestUser" desc="(Ljava/lang/String;)V" line="81"><counter type="INSTRUCTION" missed="4" covered="0"/><counter type="LINE" missed="2" covered="0"/><counter type="COMPLEXITY" missed="1" covered="0"/><counter type="METHOD" missed="1" covered="0"/></method><method name="getDigestPass" desc="()Ljava/lang/String;" line="85"><counter type="INSTRUCTION" missed="3" covered="0"/><counter type="LINE" missed="1" covered="0"/><counter type="COMPLEXITY" missed="1" covered="0"/><counter type="METHOD" missed="1" covered="0"/></method><method name="setDigestPass" desc="(Ljava/lang/String;)V" line="89"><counter type="INSTRUCTION" missed="4" covered="0"/><counter type="LINE" missed="2" covered="0"/><counter type="COMPLEXITY" missed="1" covered="0"/><counter type="METHOD" missed="1" covered="0"/></method><method name="isBasicAuthenticationConfigured" desc="()Z" line="93"><counter type="INSTRUCTION" missed="5" covered="5"/><counter type="BRANCH" missed="3" covered="1"/><counter type="LINE" missed="0" covered="1"/><counter type="COMPLEXITY" missed="2" covered="1"/><counter type="METHOD" missed="0" covered="1"/></method><method name="isDigestAuthenticationConfigured" desc="()Z" line="97"><counter type="INSTRUCTION" missed="5" covered="5"/><counter type="BRANCH" missed="3" covered="1"/><counter type="LINE" missed="0" covered="1"/><counter type="COMPLEXITY" missed="2" covered="1"/><counter type="METHOD" missed="0" covered="1"/></method><method name="toString" desc="()Ljava/lang/String;" line="102"><counter type="INSTRUCTION" missed="0" covered="37"/><counter type="LINE" missed="0" covered="1"/><counter type="COMPLEXITY" missed="0" covered="1"/><counter type="METHOD" missed="0" covered="1"/></method><counter type="INSTRUCTION" missed="69" covered="100"/><counter type="BRANCH" missed="15" covered="7"/><counter type="LINE" missed="20" covered="19"/><counter type="COMPLEXITY" missed="17" covered="10"/><counter type="METHOD" missed="8" covered="8"/><counter type="CLASS" missed="0" covered="1"/></class><class name="com/avob/openadr/server/oadr20b/ven/HttpSecurityConfig"><method name="&lt;init&gt;" desc="()V" line="17"><counter type="INSTRUCTION" missed="0" covered="3"/><counter type="LINE" missed="0" covered="1"/><counter type="COMPLEXITY" missed="0" covered="1"/><counter type="METHOD" missed="0" covered="1"/></method><method name="configure" desc="(Lorg/springframework/security/config/annotation/web/builders/HttpSecurity;)V" line="25"><counter type="INSTRUCTION" missed="0" covered="30"/><counter type="LINE" missed="0" covered="6"/><counter type="COMPLEXITY" missed="0" covered="1"/><counter type="METHOD" missed="0" covered="1"/></method><counter type="INSTRUCTION" missed="0" covered="33"/><counter type="LINE" missed="0" covered="7"/><counter type="COMPLEXITY" missed="0" covered="2"/><counter type="METHOD" missed="0" covered="2"/><counter type="CLASS" missed="0" covered="1"/></class><class name="com/avob/openadr/server/oadr20b/ven/MultiVtnConfig"><method name="&lt;init&gt;" desc="()V" line="33"><counter type="INSTRUCTION" missed="0" covered="13"/><counter type="LINE" missed="0" covered="3"/><counter type="COMPLEXITY" missed="0" covered="1"/><counter type="METHOD" missed="0" covered="1"/></method><method name="configureClient" desc="(Lcom/avob/openadr/server/oadr20b/ven/VtnSessionConfiguration;)Lcom/avob/openadr/client/http/oadr20b/ven/OadrHttpVenClient20b;" line="52"><counter type="INSTRUCTION" missed="37" covered="59"/><counter type="BRANCH" missed="3" covered="3"/><counter type="LINE" missed="6" covered="9"/><counter type="COMPLEXITY" missed="3" covered="1"/><counter type="METHOD" missed="0" covered="1"/></method><method name="init" desc="()V" line="80"><counter type="INSTRUCTION" missed="60" covered="96"/><counter type="BRANCH" missed="2" covered="6"/><counter type="LINE" missed="11" covered="19"/><counter type="COMPLEXITY" missed="2" covered="3"/><counter type="METHOD" missed="0" covered="1"/></method><method name="getMultiConfig" desc="()Ljava/util/Map;" line="125"><counter type="INSTRUCTION" missed="0" covered="3"/><counter type="LINE" missed="0" covered="1"/><counter type="COMPLEXITY" missed="0" covered="1"/><counter type="METHOD" missed="0" covered="1"/></method><method name="getMultiConfig" desc="(Ljava/lang/String;)Lcom/avob/openadr/server/oadr20b/ven/VtnSessionConfiguration;" line="129"><counter type="INSTRUCTION" missed="6" covered="0"/><counter type="LINE" missed="1" covered="0"/><counter type="COMPLEXITY" missed="1" covered="0"/><counter type="METHOD" missed="1" covered="0"/></method><method name="getMultiClientConfig" desc="()Ljava/util/Map;" line="133"><counter type="INSTRUCTION" missed="0" covered="3"/><counter type="LINE" missed="0" covered="1"/><counter type="COMPLEXITY" missed="0" covered="1"/><counter type="METHOD" missed="0" covered="1"/></method><method name="getMultiClientConfig" desc="(Lcom/avob/openadr/server/oadr20b/ven/VtnSessionConfiguration;)Lcom/avob/openadr/client/http/oadr20b/ven/OadrHttpVenClient20b;" line="137"><counter type="INSTRUCTION" missed="7" covered="0"/><counter type="LINE" missed="1" covered="0"/><counter type="COMPLEXITY" missed="1" covered="0"/><counter type="METHOD" missed="1" covered="0"/></method><method name="&lt;clinit&gt;" desc="()V" line="35"><counter type="INSTRUCTION" missed="0" covered="7"/><counter type="LINE" missed="0" covered="2"/><counter type="COMPLEXITY" missed="0" covered="1"/><counter type="METHOD" missed="0" covered="1"/></method><counter type="INSTRUCTION" missed="110" covered="181"/><counter type="BRANCH" missed="5" covered="9"/><counter type="LINE" missed="19" covered="35"/><counter type="COMPLEXITY" missed="7" covered="8"/><counter type="METHOD" missed="2" covered="6"/><counter type="CLASS" missed="0" covered="1"/></class><class name="com/avob/openadr/server/oadr20b/ven/VENEmbeddedServletContainerCustomizer"><method name="&lt;init&gt;" desc="(ILjava/lang/String;Ljava/security/KeyStore;Ljava/lang/String;Ljava/security/KeyStore;[Ljava/lang/String;[Ljava/lang/String;)V" line="20"><counter type="INSTRUCTION" missed="0" covered="24"/><counter type="LINE" missed="0" covered="9"/><counter type="COMPLEXITY" missed="0" covered="1"/><counter type="METHOD" missed="0" covered="1"/></method><method name="customize" desc="(Lorg/springframework/boot/context/embedded/ConfigurableEmbeddedServletContainer;)V" line="32"><counter type="INSTRUCTION" missed="0" covered="8"/><counter type="BRANCH" missed="1" covered="1"/><counter type="LINE" missed="0" covered="3"/><counter type="COMPLEXITY" missed="1" covered="1"/><counter type="METHOD" missed="0" covered="1"/></method><method name="configureJetty" desc="(Lorg/springframework/boot/context/embedded/jetty/JettyEmbeddedServletContainerFactory;)V" line="38"><counter type="INSTRUCTION" missed="10" covered="29"/><counter type="BRANCH" missed="3" covered="1"/><counter type="LINE" missed="1" covered="4"/><counter type="COMPLEXITY" missed="2" covered="1"/><counter type="METHOD" missed="0" covered="1"/></method><counter type="INSTRUCTION" missed="10" covered="61"/><counter type="BRANCH" missed="4" covered="2"/><counter type="LINE" missed="1" covered="16"/><counter type="COMPLEXITY" missed="3" covered="3"/><counter type="METHOD" missed="0" covered="3"/><counter type="CLASS" missed="0" covered="1"/></class><class name="com/avob/openadr/server/oadr20b/ven/VENJettyServerCustomizer"><method name="&lt;init&gt;" desc="(ILjava/security/KeyStore;Ljava/lang/String;Ljava/security/KeyStore;[Ljava/lang/String;[Ljava/lang/String;)V" line="39"><counter type="INSTRUCTION" missed="0" covered="21"/><counter type="LINE" missed="0" covered="8"/><counter type="COMPLEXITY" missed="0" covered="1"/><counter type="METHOD" missed="0" covered="1"/></method><method name="getHttpConfiguration" desc="()Lorg/eclipse/jetty/server/HttpConfiguration;" line="49"><counter type="INSTRUCTION" missed="0" covered="24"/><counter type="LINE" missed="0" covered="7"/><counter type="COMPLEXITY" missed="0" covered="1"/><counter type="METHOD" missed="0" covered="1"/></method><method name="getSslContextFactory" desc="()Lorg/eclipse/jetty/util/ssl/SslContextFactory;" line="63"><counter type="INSTRUCTION" missed="0" covered="74"/><counter type="LINE" missed="0" covered="18"/><counter type="COMPLEXITY" missed="0" covered="1"/><counter type="METHOD" missed="0" covered="1"/></method><method name="customize" desc="(Lorg/eclipse/jetty/server/Server;)V" line="104"><counter type="INSTRUCTION" missed="42" covered="46"/><counter type="LINE" missed="14" covered="9"/><counter type="COMPLEXITY" missed="0" covered="1"/><counter type="METHOD" missed="0" covered="1"/></method><counter type="INSTRUCTION" missed="42" covered="165"/><counter type="LINE" missed="14" covered="42"/><counter type="COMPLEXITY" missed="0" covered="4"/><counter type="METHOD" missed="0" covered="4"/><counter type="CLASS" missed="0" covered="1"/></class><class name="com/avob/openadr/server/oadr20b/ven/VEN20bApplication"><method name="&lt;init&gt;" desc="()V" line="30"><counter type="INSTRUCTION" missed="0" covered="3"/><counter type="LINE" missed="0" covered="1"/><counter type="COMPLEXITY" missed="0" covered="1"/><counter type="METHOD" missed="0" covered="1"/></method><method name="scheduledExecutorService" desc="()Ljava/util/concurrent/ScheduledExecutorService;" line="42"><counter type="INSTRUCTION" missed="0" covered="3"/><counter type="LINE" missed="0" covered="1"/><counter type="COMPLEXITY" missed="0" covered="1"/><counter type="METHOD" missed="0" covered="1"/></method><method name="eiEventExecutorService" desc="()Ljava/util/concurrent/ScheduledExecutorService;" line="47"><counter type="INSTRUCTION" missed="0" covered="3"/><counter type="LINE" missed="0" covered="1"/><counter type="COMPLEXITY" missed="0" covered="1"/><counter type="METHOD" missed="0" covered="1"/></method><method name="servletContainerCustomizer" desc="()Lorg/springframework/boot/context/embedded/EmbeddedServletContainerCustomizer;" line="60"><counter type="INSTRUCTION" missed="31" covered="26"/><counter type="LINE" missed="12" covered="5"/><counter type="COMPLEXITY" missed="0" covered="1"/><counter type="METHOD" missed="0" covered="1"/></method><method name="main" desc="([Ljava/lang/String;)V" line="81"><counter type="INSTRUCTION" missed="5" covered="0"/><counter type="LINE" missed="2" covered="0"/><counter type="COMPLEXITY" missed="1" covered="0"/><counter type="METHOD" missed="1" covered="0"/></method><method name="&lt;clinit&gt;" desc="()V" line="32"><counter type="INSTRUCTION" missed="0" covered="4"/><counter type="LINE" missed="0" covered="1"/><counter type="COMPLEXITY" missed="0" covered="1"/><counter type="METHOD" missed="0" covered="1"/></method><counter type="INSTRUCTION" missed="36" covered="39"/><counter type="LINE" missed="14" covered="9"/><counter type="COMPLEXITY" missed="1" covered="5"/><counter type="METHOD" missed="1" covered="5"/><counter type="CLASS" missed="0" covered="1"/></class><class name="com/avob/openadr/server/oadr20b/ven/VenConfig"><method name="&lt;init&gt;" desc="()V" line="10"><counter type="INSTRUCTION" missed="0" covered="3"/><counter type="LINE" missed="0" covered="1"/><counter type="COMPLEXITY" missed="0" covered="1"/><counter type="METHOD" missed="0" covered="1"/></method><method name="getVenId" desc="()Ljava/lang/String;" line="67"><counter type="INSTRUCTION" missed="3" covered="0"/><counter type="LINE" missed="1" covered="0"/><counter type="COMPLEXITY" missed="1" covered="0"/><counter type="METHOD" missed="1" covered="0"/></method><method name="setVenId" desc="(Ljava/lang/String;)V" line="71"><counter type="INSTRUCTION" missed="4" covered="0"/><counter type="LINE" missed="2" covered="0"/><counter type="COMPLEXITY" missed="1" covered="0"/><counter type="METHOD" missed="1" covered="0"/></method><method name="getVenName" desc="()Ljava/lang/String;" line="75"><counter type="INSTRUCTION" missed="3" covered="0"/><counter type="LINE" missed="1" covered="0"/><counter type="COMPLEXITY" missed="1" covered="0"/><counter type="METHOD" missed="1" covered="0"/></method><method name="setVenName" desc="(Ljava/lang/String;)V" line="79"><counter type="INSTRUCTION" missed="4" covered="0"/><counter type="LINE" missed="2" covered="0"/><counter type="COMPLEXITY" missed="1" covered="0"/><counter type="METHOD" missed="1" covered="0"/></method><method name="getPullFrequencySeconds" desc="()Ljava/lang/Long;" line="83"><counter type="INSTRUCTION" missed="3" covered="0"/><counter type="LINE" missed="1" covered="0"/><counter type="COMPLEXITY" missed="1" covered="0"/><counter type="METHOD" missed="1" covered="0"/></method><method name="setPullFrequencySeconds" desc="(Ljava/lang/Long;)V" line="87"><counter type="INSTRUCTION" missed="4" covered="0"/><counter type="LINE" missed="2" covered="0"/><counter type="COMPLEXITY" missed="1" covered="0"/><counter type="METHOD" missed="1" covered="0"/></method><method name="getReportOnly" desc="()Ljava/lang/Boolean;" line="91"><counter type="INSTRUCTION" missed="3" covered="0"/><counter type="LINE" missed="1" covered="0"/><counter type="COMPLEXITY" missed="1" covered="0"/><counter type="METHOD" missed="1" covered="0"/></method><method name="setReportOnly" desc="(Ljava/lang/Boolean;)V" line="95"><counter type="INSTRUCTION" missed="4" covered="0"/><counter type="LINE" missed="2" covered="0"/><counter type="COMPLEXITY" missed="1" covered="0"/><counter type="METHOD" missed="1" covered="0"/></method><method name="getXmlSignature" desc="()Ljava/lang/Boolean;" line="99"><counter type="INSTRUCTION" missed="0" covered="3"/><counter type="LINE" missed="0" covered="1"/><counter type="COMPLEXITY" missed="0" covered="1"/><counter type="METHOD" missed="0" covered="1"/></method><method name="setXmlSignature" desc="(Ljava/lang/Boolean;)V" line="103"><counter type="INSTRUCTION" missed="4" covered="0"/><counter type="LINE" missed="2" covered="0"/><counter type="COMPLEXITY" missed="1" covered="0"/><counter type="METHOD" missed="1" covered="0"/></method><method name="getPullModel" desc="()Ljava/lang/Boolean;" line="107"><counter type="INSTRUCTION" missed="3" covered="0"/><counter type="LINE" missed="1" covered="0"/><counter type="COMPLEXITY" missed="1" covered="0"/><counter type="METHOD" missed="1" covered="0"/></method><method name="setPullModel" desc="(Ljava/lang/Boolean;)V" line="111"><counter type="INSTRUCTION" missed="4" covered="0"/><counter type="LINE" missed="2" covered="0"/><counter type="COMPLEXITY" missed="1" covered="0"/><counter type="METHOD" missed="1" covered="0"/></method><method name="getVenUrl" desc="()Ljava/lang/String;" line="115"><counter type="INSTRUCTION" missed="3" covered="0"/><counter type="LINE" missed="1" covered="0"/><counter type="COMPLEXITY" missed="1" covered="0"/><counter type="METHOD" missed="1" covered="0"/></method><method name="setVenUrl" desc="(Ljava/lang/String;)V" line="119"><counter type="INSTRUCTION" missed="4" covered="0"/><counter type="LINE" missed="2" covered="0"/><counter type="COMPLEXITY" missed="1" covered="0"/><counter type="METHOD" missed="1" covered="0"/></method><method name="isBasicAuthenticationConfigured" desc="()Z" line="123"><counter type="INSTRUCTION" missed="10" covered="0"/><counter type="BRANCH" missed="4" covered="0"/><counter type="LINE" missed="1" covered="0"/><counter type="COMPLEXITY" missed="3" covered="0"/><counter type="METHOD" missed="1" covered="0"/></method><method name="isDigestAuthenticationConfigured" desc="()Z" line="127"><counter type="INSTRUCTION" missed="10" covered="0"/><counter type="BRANCH" missed="4" covered="0"/><counter type="LINE" missed="1" covered="0"/><counter type="COMPLEXITY" missed="3" covered="0"/><counter type="METHOD" missed="1" covered="0"/></method><method name="getVtnTrustCertificate" desc="()Ljava/util/Map;" line="131"><counter type="INSTRUCTION" missed="0" covered="30"/><counter type="LINE" missed="0" covered="6"/><counter type="COMPLEXITY" missed="0" covered="1"/><counter type="METHOD" missed="0" covered="1"/></method><method name="getBasicUsername" desc="()Ljava/lang/String;" line="140"><counter type="INSTRUCTION" missed="3" covered="0"/><counter type="LINE" missed="1" covered="0"/><counter type="COMPLEXITY" missed="1" covered="0"/><counter type="METHOD" missed="1" covered="0"/></method><method name="getBasicPassword" desc="()Ljava/lang/String;" line="144"><counter type="INSTRUCTION" missed="3" covered="0"/><counter type="LINE" missed="1" covered="0"/><counter type="COMPLEXITY" missed="1" covered="0"/><counter type="METHOD" missed="1" covered="0"/></method><method name="getDigestUsername" desc="()Ljava/lang/String;" line="148"><counter type="INSTRUCTION" missed="3" covered="0"/><counter type="LINE" missed="1" covered="0"/><counter type="COMPLEXITY" missed="1" covered="0"/><counter type="METHOD" missed="1" covered="0"/></method><method name="getDigestPassword" desc="()Ljava/lang/String;" line="152"><counter type="INSTRUCTION" missed="3" covered="0"/><counter type="LINE" missed="1" covered="0"/><counter type="COMPLEXITY" missed="1" covered="0"/><counter type="METHOD" missed="1" covered="0"/></method><method name="getVtnRsaRootCertificate" desc="()Ljava/lang/String;" line="156"><counter type="INSTRUCTION" missed="0" covered="3"/><counter type="LINE" missed="0" covered="1"/><counter type="COMPLEXITY" missed="0" covered="1"/><counter type="METHOD" missed="0" covered="1"/></method><method name="getVtnRsaIntermediateCertificate" desc="()Ljava/lang/String;" line="160"><counter type="INSTRUCTION" missed="0" covered="3"/><counter type="LINE" missed="0" covered="1"/><counter type="COMPLEXITY" missed="0" covered="1"/><counter type="METHOD" missed="0" covered="1"/></method><method name="getVtnEccRootCertificate" desc="()Ljava/lang/String;" line="164"><counter type="INSTRUCTION" missed="0" covered="3"/><counter type="LINE" missed="0" covered="1"/><counter type="COMPLEXITY" missed="0" covered="1"/><counter type="METHOD" missed="0" covered="1"/></method><method name="getVtnEccIntermediateCertificate" desc="()Ljava/lang/String;" line="168"><counter type="INSTRUCTION" missed="0" covered="3"/><counter type="LINE" missed="0" covered="1"/><counter type="COMPLEXITY" missed="0" covered="1"/><counter type="METHOD" missed="0" covered="1"/></method><method name="getVenPrivateKeyPath" desc="()Ljava/lang/String;" line="172"><counter type="INSTRUCTION" missed="0" covered="3"/><counter type="LINE" missed="0" covered="1"/><counter type="COMPLEXITY" missed="0" covered="1"/><counter type="METHOD" missed="0" covered="1"/></method><method name="getVenCertificatePath" desc="()Ljava/lang/String;" line="176"><counter type="INSTRUCTION" missed="0" covered="3"/><counter type="LINE" missed="0" covered="1"/><counter type="COMPLEXITY" missed="0" covered="1"/><counter type="METHOD" missed="0" covered="1"/></method><method name="getReplayProtectAcceptedDelaySecond" desc="()Ljava/lang/Long;" line="180"><counter type="INSTRUCTION" missed="0" covered="3"/><counter type="LINE" missed="0" covered="1"/><counter type="COMPLEXITY" missed="0" covered="1"/><counter type="METHOD" missed="0" covered="1"/></method><counter type="INSTRUCTION" missed="78" covered="57"/><counter type="BRANCH" missed="8" covered="0"/><counter type="LINE" missed="26" covered="15"/><counter type="COMPLEXITY" missed="23" covered="10"/><counter type="METHOD" missed="19" covered="10"/><counter type="CLASS" missed="0" covered="1"/></class><class name="com/avob/openadr/server/oadr20b/ven/Oadr20bX509AuthenticatedUserDetailsService"><method name="&lt;init&gt;" desc="()V" line="31"><counter type="INSTRUCTION" missed="0" covered="3"/><counter type="LINE" missed="0" covered="1"/><counter type="COMPLEXITY" missed="0" covered="1"/><counter type="METHOD" missed="0" covered="1"/></method><method name="loadUserDetails" desc="(Lorg/springframework/security/web/authentication/preauth/PreAuthenticatedAuthenticationToken;)Lorg/springframework/security/core/userdetails/UserDetails;" line="44"><counter type="INSTRUCTION" missed="46" covered="0"/><counter type="BRANCH" missed="2" covered="0"/><counter type="LINE" missed="11" covered="0"/><counter type="COMPLEXITY" missed="2" covered="0"/><counter type="METHOD" missed="1" covered="0"/></method><method name="&lt;clinit&gt;" desc="()V" line="34"><counter type="INSTRUCTION" missed="0" covered="15"/><counter type="LINE" missed="0" covered="3"/><counter type="COMPLEXITY" missed="0" covered="1"/><counter type="METHOD" missed="0" covered="1"/></method><counter type="INSTRUCTION" missed="46" covered="18"/><counter type="BRANCH" missed="2" covered="0"/><counter type="LINE" missed="11" covered="4"/><counter type="COMPLEXITY" missed="2" covered="2"/><counter type="METHOD" missed="1" covered="2"/><counter type="CLASS" missed="0" covered="1"/></class><class name="com/avob/openadr/server/oadr20b/ven/VenPushModelCondition"><method name="&lt;init&gt;" desc="()V" line="8"><counter type="INSTRUCTION" missed="3" covered="0"/><counter type="LINE" missed="1" covered="0"/><counter type="COMPLEXITY" missed="1" covered="0"/><counter type="METHOD" missed="1" covered="0"/></method><method name="matches" desc="(Lorg/springframework/context/annotation/ConditionContext;Lorg/springframework/core/type/AnnotatedTypeMetadata;)Z" line="12"><counter type="INSTRUCTION" missed="19" covered="0"/><counter type="BRANCH" missed="2" covered="0"/><counter type="LINE" missed="5" covered="0"/><counter type="COMPLEXITY" missed="2" covered="0"/><counter type="METHOD" missed="1" covered="0"/></method><counter type="INSTRUCTION" missed="22" covered="0"/><counter type="BRANCH" missed="2" covered="0"/><counter type="LINE" missed="6" covered="0"/><counter type="COMPLEXITY" missed="3" covered="0"/><counter type="METHOD" missed="2" covered="0"/><counter type="CLASS" missed="1" covered="0"/></class><sourcefile name="VEN20bApplication.java"><line nr="30" mi="0" ci="3" mb="0" cb="0"/><line nr="32" mi="0" ci="4" mb="0" cb="0"/><line nr="42" mi="0" ci="3" mb="0" cb="0"/><line nr="47" mi="0" ci="3" mb="0" cb="0"/><line nr="60" mi="0" ci="3" mb="0" cb="0"/><line nr="61" mi="0" ci="9" mb="0" cb="0"/><line nr="62" mi="0" ci="9" mb="0" cb="0"/><line nr="64" mi="0" ci="2" mb="0" cb="0"/><line nr="65" mi="0" ci="3" mb="0" cb="0"/><line nr="66" mi="1" ci="0" mb="0" cb="0"/><line nr="67" mi="4" ci="0" mb="0" cb="0"/><line nr="68" mi="1" ci="0" mb="0" cb="0"/><line nr="69" mi="4" ci="0" mb="0" cb="0"/><line nr="70" mi="1" ci="0" mb="0" cb="0"/><line nr="71" mi="4" ci="0" mb="0" cb="0"/><line nr="72" mi="1" ci="0" mb="0" cb="0"/><line nr="73" mi="4" ci="0" mb="0" cb="0"/><line nr="74" mi="1" ci="0" mb="0" cb="0"/><line nr="75" mi="4" ci="0" mb="0" cb="0"/><line nr="76" mi="4" ci="0" mb="0" cb="0"/><line nr="77" mi="2" ci="0" mb="0" cb="0"/><line nr="81" mi="4" ci="0" mb="0" cb="0"/><line nr="82" mi="1" ci="0" mb="0" cb="0"/><counter type="INSTRUCTION" missed="36" covered="39"/><counter type="LINE" missed="14" covered="9"/><counter type="COMPLEXITY" missed="1" covered="5"/><counter type="METHOD" missed="1" covered="5"/><counter type="CLASS" missed="0" covered="1"/></sourcefile><sourcefile name="HttpSecurityConfig.java"><line nr="17" mi="0" ci="3" mb="0" cb="0"/><line nr="25" mi="0" ci="4" mb="0" cb="0"/><line nr="26" mi="0" ci="5" mb="0" cb="0"/><line nr="28" mi="0" ci="15" mb="0" cb="0"/><line nr="29" mi="0" ci="3" mb="0" cb="0"/><line nr="30" mi="0" ci="2" mb="0" cb="0"/><line nr="32" mi="0" ci="1" mb="0" cb="0"/><counter type="INSTRUCTION" missed="0" covered="33"/><counter type="LINE" missed="0" covered="7"/><counter type="COMPLEXITY" missed="0" covered="2"/><counter type="METHOD" missed="0" covered="2"/><counter type="CLASS" missed="0" covered="1"/></sourcefile><sourcefile name="VENEmbeddedServletContainerCustomizer.java"><line nr="20" mi="0" ci="2" mb="0" cb="0"/><line nr="21" mi="0" ci="3" mb="0" cb="0"/><line nr="22" mi="0" ci="3" mb="0" cb="0"/><line nr="23" mi="0" ci="3" mb="0" cb="0"/><line nr="24" mi="0" ci="3" mb="0" cb="0"/><line nr="25" mi="0" ci="3" mb="0" cb="0"/><line nr="26" mi="0" ci="3" mb="0" cb="0"/><line nr="27" mi="0" ci="3" mb="0" cb="0"/><line nr="28" mi="0" ci="1" mb="0" cb="0"/><line nr="32" mi="0" ci="3" mb="1" cb="1"/><line nr="33" mi="0" ci="4" mb="0" cb="0"/><line nr="35" mi="0" ci="1" mb="0" cb="0"/><line nr="38" mi="0" ci="3" mb="0" cb="0"/><line nr="39" mi="6" ci="3" mb="3" cb="1"/><line nr="40" mi="4" ci="0" mb="0" cb="0"/><line nr="42" mi="0" ci="22" mb="0" cb="0"/><line nr="44" mi="0" ci="1" mb="0" cb="0"/><counter type="INSTRUCTION" missed="10" covered="61"/><counter type="BRANCH" missed="4" covered="2"/><counter type="LINE" missed="1" covered="16"/><counter type="COMPLEXITY" missed="3" covered="3"/><counter type="METHOD" missed="0" covered="3"/><counter type="CLASS" missed="0" covered="1"/></sourcefile><sourcefile name="VenConfig.java"><line nr="10" mi="0" ci="3" mb="0" cb="0"/><line nr="67" mi="3" ci="0" mb="0" cb="0"/><line nr="71" mi="3" ci="0" mb="0" cb="0"/><line nr="72" mi="1" ci="0" mb="0" cb="0"/><line nr="75" mi="3" ci="0" mb="0" cb="0"/><line nr="79" mi="3" ci="0" mb="0" cb="0"/><line nr="80" mi="1" ci="0" mb="0" cb="0"/><line nr="83" mi="3" ci="0" mb="0" cb="0"/><line nr="87" mi="3" ci="0" mb="0" cb="0"/><line nr="88" mi="1" ci="0" mb="0" cb="0"/><line nr="91" mi="3" ci="0" mb="0" cb="0"/><line nr="95" mi="3" ci="0" mb="0" cb="0"/><line nr="96" mi="1" ci="0" mb="0" cb="0"/><line nr="99" mi="0" ci="3" mb="0" cb="0"/><line nr="103" mi="3" ci="0" mb="0" cb="0"/><line nr="104" mi="1" ci="0" mb="0" cb="0"/><line nr="107" mi="3" ci="0" mb="0" cb="0"/><line nr="111" mi="3" ci="0" mb="0" cb="0"/><line nr="112" mi="1" ci="0" mb="0" cb="0"/><line nr="115" mi="3" ci="0" mb="0" cb="0"/><line nr="119" mi="3" ci="0" mb="0" cb="0"/><line nr="120" mi="1" ci="0" mb="0" cb="0"/><line nr="123" mi="10" ci="0" mb="4" cb="0"/><line nr="127" mi="10" ci="0" mb="4" cb="0"/><line nr="131" mi="0" ci="4" mb="0" cb="0"/><line nr="132" mi="0" ci="6" mb="0" cb="0"/><line nr="133" mi="0" ci="6" mb="0" cb="0"/><line nr="134" mi="0" ci="6" mb="0" cb="0"/><line nr="135" mi="0" ci="6" mb="0" cb="0"/><line nr="136" mi="0" ci="2" mb="0" cb="0"/><line nr="140" mi="3" ci="0" mb="0" cb="0"/><line nr="144" mi="3" ci="0" mb="0" cb="0"/><line nr="148" mi="3" ci="0" mb="0" cb="0"/><line nr="152" mi="3" ci="0" mb="0" cb="0"/><line nr="156" mi="0" ci="3" mb="0" cb="0"/><line nr="160" mi="0" ci="3" mb="0" cb="0"/><line nr="164" mi="0" ci="3" mb="0" cb="0"/><line nr="168" mi="0" ci="3" mb="0" cb="0"/><line nr="172" mi="0" ci="3" mb="0" cb="0"/><line nr="176" mi="0" ci="3" mb="0" cb="0"/><line nr="180" mi="0" ci="3" mb="0" cb="0"/><counter type="INSTRUCTION" missed="78" covered="57"/><counter type="BRANCH" missed="8" covered="0"/><counter type="LINE" missed="26" covered="15"/><counter type="COMPLEXITY" missed="23" covered="10"/><counter type="METHOD" missed="19" covered="10"/><counter type="CLASS" missed="0" covered="1"/></sourcefile><sourcefile name="MultiVtnConfig.java"><line nr="33" mi="0" ci="2" mb="0" cb="0"/><line nr="35" mi="0" ci="3" mb="0" cb="0"/><line nr="37" mi="0" ci="4" mb="0" cb="0"/><line nr="45" mi="0" ci="5" mb="0" cb="0"/><line nr="47" mi="0" ci="6" mb="0" cb="0"/><line nr="52" mi="0" ci="10" mb="0" cb="0"/><line nr="53" mi="0" ci="6" mb="0" cb="0"/><line nr="54" mi="0" ci="5" mb="0" cb="0"/><line nr="56" mi="0" ci="3" mb="1" cb="1"/><line nr="57" mi="3" ci="0" mb="0" cb="0"/><line nr="58" mi="10" ci="0" mb="0" cb="0"/><line nr="60" mi="0" ci="3" mb="1" cb="1"/><line nr="61" mi="3" ci="0" mb="0" cb="0"/><line nr="62" mi="11" ci="0" mb="0" cb="0"/><line nr="63" mi="1" ci="0" mb="0" cb="0"/><line nr="66" mi="0" ci="9" mb="0" cb="0"/><line nr="69" mi="0" ci="5" mb="1" cb="1"/><line nr="70" mi="0" ci="12" mb="0" cb="0"/><line nr="71" mi="0" ci="6" mb="0" cb="0"/><line nr="73" mi="9" ci="0" mb="0" cb="0"/><line nr="80" mi="0" ci="3" mb="1" cb="1"/><line nr="81" mi="1" ci="0" mb="0" cb="0"/><line nr="85" mi="0" ci="6" mb="0" cb="0"/><line nr="86" mi="0" ci="3" mb="0" cb="0"/><line nr="87" mi="0" ci="3" mb="1" cb="1"/><line nr="89" mi="0" ci="18" mb="0" cb="2"/><line nr="91" mi="0" ci="5" mb="0" cb="0"/><line nr="92" mi="0" ci="3" mb="0" cb="2"/><line nr="94" mi="0" ci="4" mb="0" cb="0"/><line nr="95" mi="0" ci="7" mb="0" cb="0"/><line nr="97" mi="0" ci="2" mb="0" cb="0"/><line nr="98" mi="0" ci="3" mb="0" cb="0"/><line nr="99" mi="0" ci="5" mb="0" cb="0"/><line nr="100" mi="0" ci="11" mb="0" cb="0"/><line nr="101" mi="0" ci="4" mb="0" cb="0"/><line nr="102" mi="0" ci="7" mb="0" cb="0"/><line nr="103" mi="0" ci="9" mb="0" cb="0"/><line nr="104" mi="1" ci="0" mb="0" cb="0"/><line nr="105" mi="14" ci="0" mb="0" cb="0"/><line nr="106" mi="1" ci="0" mb="0" cb="0"/><line nr="107" mi="14" ci="0" mb="0" cb="0"/><line nr="108" mi="1" ci="0" mb="0" cb="0"/><line nr="109" mi="14" ci="0" mb="0" cb="0"/><line nr="110" mi="2" ci="1" mb="0" cb="0"/><line nr="115" mi="3" ci="0" mb="0" cb="0"/><line nr="116" mi="4" ci="0" mb="0" cb="0"/><line nr="118" mi="1" ci="0" mb="0" cb="0"/><line nr="119" mi="4" ci="0" mb="0" cb="0"/><line nr="120" mi="0" ci="1" mb="0" cb="0"/><line nr="122" mi="0" ci="1" mb="0" cb="0"/><line nr="125" mi="0" ci="3" mb="0" cb="0"/><line nr="129" mi="6" ci="0" mb="0" cb="0"/><line nr="133" mi="0" ci="3" mb="0" cb="0"/><line nr="137" mi="7" ci="0" mb="0" cb="0"/><counter type="INSTRUCTION" missed="110" covered="181"/><counter type="BRANCH" missed="5" covered="9"/><counter type="LINE" missed="19" covered="35"/><counter type="COMPLEXITY" missed="7" covered="8"/><counter type="METHOD" missed="2" covered="6"/><counter type="CLASS" missed="0" covered="1"/></sourcefile><sourcefile name="VtnSessionConfiguration.java"><line nr="22" mi="0" ci="2" mb="0" cb="0"/><line nr="24" mi="0" ci="11" mb="0" cb="2"/><line nr="25" mi="0" ci="4" mb="0" cb="0"/><line nr="26" mi="0" ci="4" mb="0" cb="0"/><line nr="27" mi="0" ci="4" mb="0" cb="2"/><line nr="28" mi="0" ci="4" mb="0" cb="0"/><line nr="29" mi="0" ci="4" mb="1" cb="1"/><line nr="30" mi="0" ci="4" mb="0" cb="0"/><line nr="31" mi="4" ci="0" mb="2" cb="0"/><line nr="32" mi="4" ci="0" mb="0" cb="0"/><line nr="33" mi="4" ci="0" mb="2" cb="0"/><line nr="34" mi="4" ci="0" mb="0" cb="0"/><line nr="35" mi="4" ci="0" mb="2" cb="0"/><line nr="36" mi="4" ci="0" mb="0" cb="0"/><line nr="37" mi="4" ci="0" mb="2" cb="0"/><line nr="38" mi="3" ci="0" mb="0" cb="0"/><line nr="40" mi="0" ci="1" mb="0" cb="0"/><line nr="42" mi="0" ci="1" mb="0" cb="0"/><line nr="45" mi="0" ci="3" mb="0" cb="0"/><line nr="49" mi="0" ci="3" mb="0" cb="0"/><line nr="50" mi="0" ci="1" mb="0" cb="0"/><line nr="53" mi="0" ci="3" mb="0" cb="0"/><line nr="57" mi="0" ci="3" mb="0" cb="0"/><line nr="58" mi="0" ci="1" mb="0" cb="0"/><line nr="61" mi="3" ci="0" mb="0" cb="0"/><line nr="65" mi="3" ci="0" mb="0" cb="0"/><line nr="66" mi="1" ci="0" mb="0" cb="0"/><line nr="69" mi="3" ci="0" mb="0" cb="0"/><line nr="73" mi="3" ci="0" mb="0" cb="0"/><line nr="74" mi="1" ci="0" mb="0" cb="0"/><line nr="77" mi="3" ci="0" mb="0" cb="0"/><line nr="81" mi="3" ci="0" mb="0" cb="0"/><line nr="82" mi="1" ci="0" mb="0" cb="0"/><line nr="85" mi="3" ci="0" mb="0" cb="0"/><line nr="89" mi="3" ci="0" mb="0" cb="0"/><line nr="90" mi="1" ci="0" mb="0" cb="0"/><line nr="93" mi="5" ci="5" mb="3" cb="1"/><line nr="97" mi="5" ci="5" mb="3" cb="1"/><line nr="102" mi="0" ci="37" mb="0" cb="0"/><counter type="INSTRUCTION" missed="69" covered="100"/><counter type="BRANCH" missed="15" covered="7"/><counter type="LINE" missed="20" covered="19"/><counter type="COMPLEXITY" missed="17" covered="10"/><counter type="METHOD" missed="8" covered="8"/><counter type="CLASS" missed="0" covered="1"/></sourcefile><sourcefile name="VENJettyServerCustomizer.java"><line nr="39" mi="0" ci="2" mb="0" cb="0"/><line nr="40" mi="0" ci="3" mb="0" cb="0"/><line nr="41" mi="0" ci="3" mb="0" cb="0"/><line nr="42" mi="0" ci="3" mb="0" cb="0"/><line nr="43" mi="0" ci="3" mb="0" cb="0"/><line nr="44" mi="0" ci="3" mb="0" cb="0"/><line nr="45" mi="0" ci="3" mb="0" cb="0"/><line nr="46" mi="0" ci="1" mb="0" cb="0"/><line nr="49" mi="0" ci="4" mb="0" cb="0"/><line nr="50" mi="0" ci="3" mb="0" cb="0"/><line nr="51" mi="0" ci="4" mb="0" cb="0"/><line nr="52" mi="0" ci="3" mb="0" cb="0"/><line nr="53" mi="0" ci="3" mb="0" cb="0"/><line nr="54" mi="0" ci="5" mb="0" cb="0"/><line nr="56" mi="0" ci="2" mb="0" cb="0"/><line nr="63" mi="0" ci="4" mb="0" cb="0"/><line nr="65" mi="0" ci="3" mb="0" cb="0"/><line nr="68" mi="0" ci="3" mb="0" cb="0"/><line nr="69" mi="0" ci="3" mb="0" cb="0"/><line nr="70" mi="0" ci="6" mb="0" cb="0"/><line nr="73" mi="0" ci="3" mb="0" cb="0"/><line nr="75" mi="0" ci="3" mb="0" cb="0"/><line nr="76" mi="0" ci="3" mb="0" cb="0"/><line nr="79" mi="0" ci="3" mb="0" cb="0"/><line nr="81" mi="0" ci="9" mb="0" cb="0"/><line nr="82" mi="0" ci="2" mb="0" cb="0"/><line nr="84" mi="0" ci="3" mb="0" cb="0"/><line nr="88" mi="0" ci="8" mb="0" cb="0"/><line nr="89" mi="0" ci="8" mb="0" cb="0"/><line nr="90" mi="0" ci="4" mb="0" cb="0"/><line nr="91" mi="0" ci="4" mb="0" cb="0"/><line nr="94" mi="0" ci="3" mb="0" cb="0"/><line nr="96" mi="0" ci="2" mb="0" cb="0"/><line nr="104" mi="0" ci="3" mb="0" cb="0"/><line nr="106" mi="0" ci="5" mb="0" cb="0"/><line nr="108" mi="0" ci="7" mb="0" cb="0"/><line nr="110" mi="0" ci="15" mb="0" cb="0"/><line nr="112" mi="0" ci="4" mb="0" cb="0"/><line nr="113" mi="0" ci="7" mb="0" cb="0"/><line nr="114" mi="0" ci="3" mb="0" cb="0"/><line nr="116" mi="1" ci="0" mb="0" cb="0"/><line nr="117" mi="5" ci="0" mb="0" cb="0"/><line nr="118" mi="1" ci="0" mb="0" cb="0"/><line nr="119" mi="5" ci="0" mb="0" cb="0"/><line nr="120" mi="1" ci="0" mb="0" cb="0"/><line nr="121" mi="5" ci="0" mb="0" cb="0"/><line nr="122" mi="1" ci="0" mb="0" cb="0"/><line nr="123" mi="5" ci="0" mb="0" cb="0"/><line nr="124" mi="1" ci="0" mb="0" cb="0"/><line nr="125" mi="5" ci="0" mb="0" cb="0"/><line nr="126" mi="1" ci="0" mb="0" cb="0"/><line nr="127" mi="5" ci="0" mb="0" cb="0"/><line nr="128" mi="1" ci="0" mb="0" cb="0"/><line nr="129" mi="5" ci="0" mb="0" cb="0"/><line nr="130" mi="0" ci="1" mb="0" cb="0"/><line nr="132" mi="0" ci="1" mb="0" cb="0"/><counter type="INSTRUCTION" missed="42" covered="165"/><counter type="LINE" missed="14" covered="42"/><counter type="COMPLEXITY" missed="0" covered="4"/><counter type="METHOD" missed="0" covered="4"/><counter type="CLASS" missed="0" covered="1"/></sourcefile><sourcefile name="VenPushModelCondition.java"><line nr="8" mi="3" ci="0" mb="0" cb="0"/><line nr="12" mi="2" ci="0" mb="0" cb="0"/><line nr="14" mi="6" ci="0" mb="0" cb="0"/><line nr="15" mi="8" ci="0" mb="2" cb="0"/><line nr="16" mi="1" ci="0" mb="0" cb="0"/><line nr="19" mi="2" ci="0" mb="0" cb="0"/><counter type="INSTRUCTION" missed="22" covered="0"/><counter type="BRANCH" missed="2" covered="0"/><counter type="LINE" missed="6" covered="0"/><counter type="COMPLEXITY" missed="3" covered="0"/><counter type="METHOD" missed="2" covered="0"/><counter type="CLASS" missed="1" covered="0"/></sourcefile><sourcefile name="Oadr20bX509AuthenticatedUserDetailsService.java"><line nr="31" mi="0" ci="3" mb="0" cb="0"/><line nr="34" mi="0" ci="3" mb="0" cb="0"/><line nr="36" mi="0" ci="10" mb="0" cb="0"/><line nr="37" mi="0" ci="2" mb="0" cb="0"/><line nr="44" mi="4" ci="0" mb="0" cb="0"/><line nr="45" mi="2" ci="0" mb="0" cb="0"/><line nr="47" mi="3" ci="0" mb="0" cb="0"/><line nr="48" mi="1" ci="0" mb="0" cb="0"/><line nr="49" mi="6" ci="0" mb="0" cb="0"/><line nr="50" mi="1" ci="0" mb="0" cb="0"/><line nr="52" mi="5" ci="0" mb="0" cb="0"/><line nr="53" mi="2" ci="0" mb="2" cb="0"/><line nr="54" mi="7" ci="0" mb="0" cb="0"/><line nr="57" mi="10" ci="0" mb="0" cb="0"/><line nr="58" mi="5" ci="0" mb="0" cb="0"/><counter type="INSTRUCTION" missed="46" covered="18"/><counter type="BRANCH" missed="2" covered="0"/><counter type="LINE" missed="11" covered="4"/><counter type="COMPLEXITY" missed="2" covered="2"/><counter type="METHOD" missed="1" covered="2"/><counter type="CLASS" missed="0" covered="1"/></sourcefile><counter type="INSTRUCTION" missed="413" covered="654"/><counter type="BRANCH" missed="36" covered="18"/><counter type="LINE" missed="111" covered="147"/><counter type="COMPLEXITY" missed="56" covered="44"/><counter type="METHOD" missed="33" covered="40"/><counter type="CLASS" missed="1" covered="8"/></package><package name="com/avob/openadr/server/oadr20b/ven/task"><class name="com/avob/openadr/server/oadr20b/ven/task/OadrRegisterReportTask"><method name="&lt;init&gt;" desc="(Lcom/avob/openadr/client/http/oadr20b/ven/OadrHttpVenClient20b;Lcom/avob/openadr/model/oadr20b/oadr/OadrRegisterReportType;)V" line="23"><counter type="INSTRUCTION" missed="9" covered="0"/><counter type="LINE" missed="4" covered="0"/><counter type="COMPLEXITY" missed="1" covered="0"/><counter type="METHOD" missed="1" covered="0"/></method><method name="run" desc="()V" line="32"><counter type="INSTRUCTION" missed="75" covered="0"/><counter type="BRANCH" missed="4" covered="0"/><counter type="LINE" missed="19" covered="0"/><counter type="COMPLEXITY" missed="3" covered="0"/><counter type="METHOD" missed="1" covered="0"/></method><method name="&lt;clinit&gt;" desc="()V" line="17"><counter type="INSTRUCTION" missed="4" covered="0"/><counter type="LINE" missed="1" covered="0"/><counter type="COMPLEXITY" missed="1" covered="0"/><counter type="METHOD" missed="1" covered="0"/></method><counter type="INSTRUCTION" missed="88" covered="0"/><counter type="BRANCH" missed="4" covered="0"/><counter type="LINE" missed="24" covered="0"/><counter type="COMPLEXITY" missed="5" covered="0"/><counter type="METHOD" missed="3" covered="0"/><counter type="CLASS" missed="1" covered="0"/></class><class name="com/avob/openadr/server/oadr20b/ven/task/OadrCreateReportTask"><method name="&lt;init&gt;" desc="(Lcom/avob/openadr/client/http/oadr20b/ven/OadrHttpVenClient20b;Lcom/avob/openadr/model/oadr20b/oadr/OadrCreateReportType;)V" line="22"><counter type="INSTRUCTION" missed="9" covered="0"/><counter type="LINE" missed="4" covered="0"/><counter type="COMPLEXITY" missed="1" covered="0"/><counter type="METHOD" missed="1" covered="0"/></method><method name="run" desc="()V" line="31"><counter type="INSTRUCTION" missed="71" covered="0"/><counter type="BRANCH" missed="2" covered="0"/><counter type="LINE" missed="18" covered="0"/><counter type="COMPLEXITY" missed="2" covered="0"/><counter type="METHOD" missed="1" covered="0"/></method><method name="&lt;clinit&gt;" desc="()V" line="16"><counter type="INSTRUCTION" missed="4" covered="0"/><counter type="LINE" missed="1" covered="0"/><counter type="COMPLEXITY" missed="1" covered="0"/><counter type="METHOD" missed="1" covered="0"/></method><counter type="INSTRUCTION" missed="84" covered="0"/><counter type="BRANCH" missed="2" covered="0"/><counter type="LINE" missed="23" covered="0"/><counter type="COMPLEXITY" missed="4" covered="0"/><counter type="METHOD" missed="3" covered="0"/><counter type="CLASS" missed="1" covered="0"/></class><class name="com/avob/openadr/server/oadr20b/ven/task/OadrUpdateReportTask"><method name="&lt;init&gt;" desc="(Lcom/avob/openadr/client/http/oadr20b/ven/OadrHttpVenClient20b;Lcom/avob/openadr/model/oadr20b/oadr/OadrUpdateReportType;)V" line="23"><counter type="INSTRUCTION" missed="9" covered="0"/><counter type="LINE" missed="4" covered="0"/><counter type="COMPLEXITY" missed="1" covered="0"/><counter type="METHOD" missed="1" covered="0"/></method><method name="run" desc="()V" line="32"><counter type="INSTRUCTION" missed="71" covered="0"/><counter type="BRANCH" missed="2" covered="0"/><counter type="LINE" missed="18" covered="0"/><counter type="COMPLEXITY" missed="2" covered="0"/><counter type="METHOD" missed="1" covered="0"/></method><method name="&lt;clinit&gt;" desc="()V" line="17"><counter type="INSTRUCTION" missed="4" covered="0"/><counter type="LINE" missed="1" covered="0"/><counter type="COMPLEXITY" missed="1" covered="0"/><counter type="METHOD" missed="1" covered="0"/></method><counter type="INSTRUCTION" missed="84" covered="0"/><counter type="BRANCH" missed="2" covered="0"/><counter type="LINE" missed="23" covered="0"/><counter type="COMPLEXITY" missed="4" covered="0"/><counter type="METHOD" missed="3" covered="0"/><counter type="CLASS" missed="1" covered="0"/></class><class name="com/avob/openadr/server/oadr20b/ven/task/OadrCreatedEventTask"><method name="&lt;init&gt;" desc="(Lcom/avob/openadr/client/http/oadr20b/ven/OadrHttpVenClient20b;Lcom/avob/openadr/model/oadr20b/oadr/OadrCreatedEventType;)V" line="23"><counter type="INSTRUCTION" missed="6" covered="0"/><counter type="LINE" missed="3" covered="0"/><counter type="COMPLEXITY" missed="1" covered="0"/><counter type="METHOD" missed="1" covered="0"/></method><method name="run" desc="()V" line="31"><counter type="INSTRUCTION" missed="65" covered="0"/><counter type="BRANCH" missed="2" covered="0"/><counter type="LINE" missed="16" covered="0"/><counter type="COMPLEXITY" missed="2" covered="0"/><counter type="METHOD" missed="1" covered="0"/></method><method name="&lt;clinit&gt;" desc="()V" line="17"><counter type="INSTRUCTION" missed="4" covered="0"/><counter type="LINE" missed="1" covered="0"/><counter type="COMPLEXITY" missed="1" covered="0"/><counter type="METHOD" missed="1" covered="0"/></method><counter type="INSTRUCTION" missed="75" covered="0"/><counter type="BRANCH" missed="2" covered="0"/><counter type="LINE" missed="20" covered="0"/><counter type="COMPLEXITY" missed="4" covered="0"/><counter type="METHOD" missed="3" covered="0"/><counter type="CLASS" missed="1" covered="0"/></class><class name="com/avob/openadr/server/oadr20b/ven/task/OadrResponseTask"><method name="&lt;init&gt;" desc="(Lcom/avob/openadr/client/http/oadr20b/ven/OadrHttpVenClient20b;Lcom/avob/openadr/model/oadr20b/oadr/OadrResponseType;)V" line="22"><counter type="INSTRUCTION" missed="6" covered="0"/><counter type="LINE" missed="3" covered="0"/><counter type="COMPLEXITY" missed="1" covered="0"/><counter type="METHOD" missed="1" covered="0"/></method><method name="run" desc="()V" line="30"><counter type="INSTRUCTION" missed="65" covered="0"/><counter type="BRANCH" missed="2" covered="0"/><counter type="LINE" missed="16" covered="0"/><counter type="COMPLEXITY" missed="2" covered="0"/><counter type="METHOD" missed="1" covered="0"/></method><method name="&lt;clinit&gt;" desc="()V" line="16"><counter type="INSTRUCTION" missed="4" covered="0"/><counter type="LINE" missed="1" covered="0"/><counter type="COMPLEXITY" missed="1" covered="0"/><counter type="METHOD" missed="1" covered="0"/></method><counter type="INSTRUCTION" missed="75" covered="0"/><counter type="BRANCH" missed="2" covered="0"/><counter type="LINE" missed="20" covered="0"/><counter type="COMPLEXITY" missed="4" covered="0"/><counter type="METHOD" missed="3" covered="0"/><counter type="CLASS" missed="1" covered="0"/></class><sourcefile name="OadrRegisterReportTask.java"><line nr="17" mi="4" ci="0" mb="0" cb="0"/><line nr="23" mi="2" ci="0" mb="0" cb="0"/><line nr="24" mi="3" ci="0" mb="0" cb="0"/><line nr="25" mi="3" ci="0" mb="0" cb="0"/><line nr="26" mi="1" ci="0" mb="0" cb="0"/><line nr="32" mi="6" ci="0" mb="0" cb="0"/><line nr="34" mi="4" ci="0" mb="0" cb="0"/><line nr="36" mi="5" ci="0" mb="2" cb="0"/><line nr="37" mi="11" ci="0" mb="0" cb="0"/><line nr="38" mi="4" ci="0" mb="0" cb="0"/><line nr="40" mi="10" ci="0" mb="0" cb="0"/><line nr="43" mi="1" ci="0" mb="0" cb="0"/><line nr="44" mi="4" ci="0" mb="0" cb="0"/><line nr="45" mi="1" ci="0" mb="0" cb="0"/><line nr="47" mi="4" ci="0" mb="2" cb="0"/><line nr="51" mi="4" ci="0" mb="0" cb="0"/><line nr="52" mi="1" ci="0" mb="0" cb="0"/><line nr="53" mi="4" ci="0" mb="0" cb="0"/><line nr="54" mi="1" ci="0" mb="0" cb="0"/><line nr="55" mi="4" ci="0" mb="0" cb="0"/><line nr="56" mi="1" ci="0" mb="0" cb="0"/><line nr="57" mi="4" ci="0" mb="0" cb="0"/><line nr="58" mi="5" ci="0" mb="0" cb="0"/><line nr="59" mi="1" ci="0" mb="0" cb="0"/><counter type="INSTRUCTION" missed="88" covered="0"/><counter type="BRANCH" missed="4" covered="0"/><counter type="LINE" missed="24" covered="0"/><counter type="COMPLEXITY" missed="5" covered="0"/><counter type="METHOD" missed="3" covered="0"/><counter type="CLASS" missed="1" covered="0"/></sourcefile><sourcefile name="OadrCreatedEventTask.java"><line nr="17" mi="4" ci="0" mb="0" cb="0"/><line nr="23" mi="2" ci="0" mb="0" cb="0"/><line nr="24" mi="3" ci="0" mb="0" cb="0"/><line nr="25" mi="1" ci="0" mb="0" cb="0"/><line nr="31" mi="6" ci="0" mb="0" cb="0"/><line nr="33" mi="4" ci="0" mb="0" cb="0"/><line nr="35" mi="5" ci="0" mb="2" cb="0"/><line nr="36" mi="11" ci="0" mb="0" cb="0"/><line nr="37" mi="4" ci="0" mb="0" cb="0"/><line nr="39" mi="10" ci="0" mb="0" cb="0"/><line nr="42" mi="1" ci="0" mb="0" cb="0"/><line nr="43" mi="4" ci="0" mb="0" cb="0"/><line nr="44" mi="1" ci="0" mb="0" cb="0"/><line nr="45" mi="4" ci="0" mb="0" cb="0"/><line nr="46" mi="1" ci="0" mb="0" cb="0"/><line nr="47" mi="4" ci="0" mb="0" cb="0"/><line nr="48" mi="1" ci="0" mb="0" cb="0"/><line nr="49" mi="4" ci="0" mb="0" cb="0"/><line nr="50" mi="4" ci="0" mb="0" cb="0"/><line nr="51" mi="1" ci="0" mb="0" cb="0"/><counter type="INSTRUCTION" missed="75" covered="0"/><counter type="BRANCH" missed="2" covered="0"/><counter type="LINE" missed="20" covered="0"/><counter type="COMPLEXITY" missed="4" covered="0"/><counter type="METHOD" missed="3" covered="0"/><counter type="CLASS" missed="1" covered="0"/></sourcefile><sourcefile name="OadrUpdateReportTask.java"><line nr="17" mi="4" ci="0" mb="0" cb="0"/><line nr="23" mi="2" ci="0" mb="0" cb="0"/><line nr="24" mi="3" ci="0" mb="0" cb="0"/><line nr="25" mi="3" ci="0" mb="0" cb="0"/><line nr="26" mi="1" ci="0" mb="0" cb="0"/><line nr="32" mi="6" ci="0" mb="0" cb="0"/><line nr="34" mi="4" ci="0" mb="0" cb="0"/><line nr="36" mi="5" ci="0" mb="2" cb="0"/><line nr="37" mi="11" ci="0" mb="0" cb="0"/><line nr="38" mi="4" ci="0" mb="0" cb="0"/><line nr="40" mi="10" ci="0" mb="0" cb="0"/><line nr="43" mi="1" ci="0" mb="0" cb="0"/><line nr="44" mi="4" ci="0" mb="0" cb="0"/><line nr="45" mi="1" ci="0" mb="0" cb="0"/><line nr="46" mi="4" ci="0" mb="0" cb="0"/><line nr="47" mi="1" ci="0" mb="0" cb="0"/><line nr="48" mi="4" ci="0" mb="0" cb="0"/><line nr="49" mi="1" ci="0" mb="0" cb="0"/><line nr="50" mi="4" ci="0" mb="0" cb="0"/><line nr="51" mi="1" ci="0" mb="0" cb="0"/><line nr="52" mi="4" ci="0" mb="0" cb="0"/><line nr="53" mi="5" ci="0" mb="0" cb="0"/><line nr="54" mi="1" ci="0" mb="0" cb="0"/><counter type="INSTRUCTION" missed="84" covered="0"/><counter type="BRANCH" missed="2" covered="0"/><counter type="LINE" missed="23" covered="0"/><counter type="COMPLEXITY" missed="4" covered="0"/><counter type="METHOD" missed="3" covered="0"/><counter type="CLASS" missed="1" covered="0"/></sourcefile><sourcefile name="OadrCreateReportTask.java"><line nr="16" mi="4" ci="0" mb="0" cb="0"/><line nr="22" mi="2" ci="0" mb="0" cb="0"/><line nr="23" mi="3" ci="0" mb="0" cb="0"/><line nr="24" mi="3" ci="0" mb="0" cb="0"/><line nr="25" mi="1" ci="0" mb="0" cb="0"/><line nr="31" mi="6" ci="0" mb="0" cb="0"/><line nr="33" mi="4" ci="0" mb="0" cb="0"/><line nr="35" mi="5" ci="0" mb="2" cb="0"/><line nr="36" mi="11" ci="0" mb="0" cb="0"/><line nr="37" mi="4" ci="0" mb="0" cb="0"/><line nr="39" mi="10" ci="0" mb="0" cb="0"/><line nr="42" mi="1" ci="0" mb="0" cb="0"/><line nr="43" mi="4" ci="0" mb="0" cb="0"/><line nr="44" mi="1" ci="0" mb="0" cb="0"/><line nr="45" mi="4" ci="0" mb="0" cb="0"/><line nr="46" mi="1" ci="0" mb="0" cb="0"/><line nr="47" mi="4" ci="0" mb="0" cb="0"/><line nr="48" mi="1" ci="0" mb="0" cb="0"/><line nr="49" mi="4" ci="0" mb="0" cb="0"/><line nr="50" mi="1" ci="0" mb="0" cb="0"/><line nr="51" mi="4" ci="0" mb="0" cb="0"/><line nr="52" mi="5" ci="0" mb="0" cb="0"/><line nr="53" mi="1" ci="0" mb="0" cb="0"/><counter type="INSTRUCTION" missed="84" covered="0"/><counter type="BRANCH" missed="2" covered="0"/><counter type="LINE" missed="23" covered="0"/><counter type="COMPLEXITY" missed="4" covered="0"/><counter type="METHOD" missed="3" covered="0"/><counter type="CLASS" missed="1" covered="0"/></sourcefile><sourcefile name="OadrResponseTask.java"><line nr="16" mi="4" ci="0" mb="0" cb="0"/><line nr="22" mi="2" ci="0" mb="0" cb="0"/><line nr="23" mi="3" ci="0" mb="0" cb="0"/><line nr="24" mi="1" ci="0" mb="0" cb="0"/><line nr="30" mi="6" ci="0" mb="0" cb="0"/><line nr="32" mi="4" ci="0" mb="0" cb="0"/><line nr="34" mi="5" ci="0" mb="2" cb="0"/><line nr="35" mi="11" ci="0" mb="0" cb="0"/><line nr="36" mi="4" ci="0" mb="0" cb="0"/><line nr="38" mi="10" ci="0" mb="0" cb="0"/><line nr="41" mi="1" ci="0" mb="0" cb="0"/><line nr="42" mi="4" ci="0" mb="0" cb="0"/><line nr="43" mi="1" ci="0" mb="0" cb="0"/><line nr="44" mi="4" ci="0" mb="0" cb="0"/><line nr="45" mi="1" ci="0" mb="0" cb="0"/><line nr="46" mi="4" ci="0" mb="0" cb="0"/><line nr="47" mi="1" ci="0" mb="0" cb="0"/><line nr="48" mi="4" ci="0" mb="0" cb="0"/><line nr="49" mi="4" ci="0" mb="0" cb="0"/><line nr="50" mi="1" ci="0" mb="0" cb="0"/><counter type="INSTRUCTION" missed="75" covered="0"/><counter type="BRANCH" missed="2" covered="0"/><counter type="LINE" missed="20" covered="0"/><counter type="COMPLEXITY" missed="4" covered="0"/><counter type="METHOD" missed="3" covered="0"/><counter type="CLASS" missed="1" covered="0"/></sourcefile><counter type="INSTRUCTION" missed="406" covered="0"/><counter type="BRANCH" missed="12" covered="0"/><counter type="LINE" missed="110" covered="0"/><counter type="COMPLEXITY" missed="21" covered="0"/><counter type="METHOD" missed="15" covered="0"/><counter type="CLASS" missed="5" covered="0"/></package><package name="com/avob/openadr/server/oadr20b/ven/service"><class name="com/avob/openadr/server/oadr20b/ven/service/Oadr20bVENEiRegisterPartyService"><method name="&lt;init&gt;" desc="()V" line="43"><counter type="INSTRUCTION" missed="0" covered="8"/><counter type="LINE" missed="0" covered="2"/><counter type="COMPLEXITY" missed="0" covered="1"/><counter type="METHOD" missed="0" covered="1"/></method><method name="oadrRequestReregistration" desc="(Lcom/avob/openadr/server/oadr20b/ven/VtnSessionConfiguration;Lcom/avob/openadr/model/oadr20b/oadr/OadrRequestReregistrationType;)Lcom/avob/openadr/model/oadr20b/oadr/OadrResponseType;" line="73"><counter type="INSTRUCTION" missed="16" covered="0"/><counter type="LINE" missed="5" covered="0"/><counter type="COMPLEXITY" missed="1" covered="0"/><counter type="METHOD" missed="1" covered="0"/></method><method name="oadrCancelPartyRegistration" desc="(Lcom/avob/openadr/server/oadr20b/ven/VtnSessionConfiguration;Lcom/avob/openadr/model/oadr20b/oadr/OadrCancelPartyRegistrationType;)Lcom/avob/openadr/model/oadr20b/oadr/OadrCanceledPartyRegistrationType;" line="84"><counter type="INSTRUCTION" missed="31" covered="0"/><counter type="BRANCH" missed="2" covered="0"/><counter type="LINE" missed="9" covered="0"/><counter type="COMPLEXITY" missed="2" covered="0"/><counter type="METHOD" missed="1" covered="0"/></method><method name="clearRegistration" desc="(Lcom/avob/openadr/server/oadr20b/ven/VtnSessionConfiguration;)V" line="104"><counter type="INSTRUCTION" missed="15" covered="0"/><counter type="LINE" missed="6" covered="0"/><counter type="COMPLEXITY" missed="1" covered="0"/><counter type="METHOD" missed="1" covered="0"/></method><method name="initRegistration" desc="(Lcom/avob/openadr/server/oadr20b/ven/VtnSessionConfiguration;)V" line="112"><counter type="INSTRUCTION" missed="5" covered="0"/><counter type="LINE" missed="2" covered="0"/><counter type="COMPLEXITY" missed="1" covered="0"/><counter type="METHOD" missed="1" covered="0"/></method><method name="reinitRegistration" desc="(Lcom/avob/openadr/server/oadr20b/ven/VtnSessionConfiguration;)V" line="116"><counter type="INSTRUCTION" missed="19" covered="0"/><counter type="BRANCH" missed="2" covered="0"/><counter type="LINE" missed="5" covered="0"/><counter type="COMPLEXITY" missed="2" covered="0"/><counter type="METHOD" missed="1" covered="0"/></method><method name="isSameConfig" desc="(Lcom/avob/openadr/server/oadr20b/ven/VtnSessionConfiguration;)Z" line="123"><counter type="INSTRUCTION" missed="2" covered="0"/><counter type="LINE" missed="1" covered="0"/><counter type="COMPLEXITY" missed="1" covered="0"/><counter type="METHOD" missed="1" covered="0"/></method><method name="initRegistration" desc="(Lcom/avob/openadr/server/oadr20b/ven/VtnSessionConfiguration;Ljava/lang/String;)V" line="127"><counter type="INSTRUCTION" missed="405" covered="0"/><counter type="BRANCH" missed="18" covered="0"/><counter type="LINE" missed="103" covered="0"/><counter type="COMPLEXITY" missed="10" covered="0"/><counter type="METHOD" missed="1" covered="0"/></method><method name="getRegistration" desc="(Lcom/avob/openadr/server/oadr20b/ven/VtnSessionConfiguration;)Lcom/avob/openadr/model/oadr20b/oadr/OadrCreatedPartyRegistrationType;" line="266"><counter type="INSTRUCTION" missed="7" covered="0"/><counter type="LINE" missed="1" covered="0"/><counter type="COMPLEXITY" missed="1" covered="0"/><counter type="METHOD" missed="1" covered="0"/></method><method name="setRegistration" desc="(Lcom/avob/openadr/server/oadr20b/ven/VtnSessionConfiguration;Lcom/avob/openadr/model/oadr20b/oadr/OadrCreatedPartyRegistrationType;)V" line="271"><counter type="INSTRUCTION" missed="17" covered="0"/><counter type="BRANCH" missed="2" covered="0"/><counter type="LINE" missed="4" covered="0"/><counter type="COMPLEXITY" missed="2" covered="0"/><counter type="METHOD" missed="1" covered="0"/></method><method name="addListener" desc="(Lcom/avob/openadr/server/oadr20b/ven/service/Oadr20bVENEiRegisterPartyService$Oadr20bVENEiRegisterPartyServiceListener;)V" line="279"><counter type="INSTRUCTION" missed="14" covered="0"/><counter type="BRANCH" missed="2" covered="0"/><counter type="LINE" missed="4" covered="0"/><counter type="COMPLEXITY" missed="2" covered="0"/><counter type="METHOD" missed="1" covered="0"/></method><method name="lambda$initRegistration$2" desc="(Lcom/avob/openadr/server/oadr20b/ven/VtnSessionConfiguration;Lcom/avob/openadr/server/oadr20b/ven/service/Oadr20bVENEiRegisterPartyService$Oadr20bVENEiRegisterPartyServiceListener;)V" line="260"><counter type="INSTRUCTION" missed="4" covered="0"/><counter type="LINE" missed="1" covered="0"/><counter type="COMPLEXITY" missed="1" covered="0"/><counter type="METHOD" missed="1" covered="0"/></method><method name="lambda$initRegistration$1" desc="(Lcom/avob/openadr/server/oadr20b/ven/VtnSessionConfiguration;Lcom/avob/openadr/model/oadr20b/oadr/OadrCreatedPartyRegistrationType;Lcom/avob/openadr/server/oadr20b/ven/service/Oadr20bVENEiRegisterPartyService$Oadr20bVENEiRegisterPartyServiceListener;)V" line="238"><counter type="INSTRUCTION" missed="5" covered="0"/><counter type="LINE" missed="1" covered="0"/><counter type="COMPLEXITY" missed="1" covered="0"/><counter type="METHOD" missed="1" covered="0"/></method><method name="lambda$initRegistration$0" desc="(Lcom/avob/openadr/server/oadr20b/ven/VtnSessionConfiguration;Lcom/avob/openadr/model/oadr20b/oadr/OadrCreatedPartyRegistrationType;Lcom/avob/openadr/server/oadr20b/ven/service/Oadr20bVENEiRegisterPartyService$Oadr20bVENEiRegisterPartyServiceListener;)V" line="181"><counter type="INSTRUCTION" missed="5" covered="0"/><counter type="LINE" missed="1" covered="0"/><counter type="COMPLEXITY" missed="1" covered="0"/><counter type="METHOD" missed="1" covered="0"/></method><method name="&lt;clinit&gt;" desc="()V" line="45"><counter type="INSTRUCTION" missed="0" covered="4"/><counter type="LINE" missed="0" covered="1"/><counter type="COMPLEXITY" missed="0" covered="1"/><counter type="METHOD" missed="0" covered="1"/></method><counter type="INSTRUCTION" missed="545" covered="12"/><counter type="BRANCH" missed="26" covered="0"/><counter type="LINE" missed="140" covered="3"/><counter type="COMPLEXITY" missed="26" covered="2"/><counter type="METHOD" missed="13" covered="2"/><counter type="CLASS" missed="0" covered="1"/></class><class name="com/avob/openadr/server/oadr20b/ven/service/Oadr20bVENEiEventService$EiEventScheduledTask"><method name="&lt;init&gt;" desc="(Lcom/avob/openadr/server/oadr20b/ven/service/Oadr20bVENEiEventService;Lcom/avob/openadr/server/oadr20b/ven/VtnSessionConfiguration;Lcom/avob/openadr/model/oadr20b/oadr/OadrDistributeEventType$OadrEvent;Lcom/avob/openadr/model/oadr20b/ei/EiEventSignalType;Lcom/avob/openadr/model/oadr20b/ei/IntervalType;)V" line="86"><counter type="INSTRUCTION" missed="18" covered="0"/><counter type="LINE" missed="6" covered="0"/><counter type="COMPLEXITY" missed="1" covered="0"/><counter type="METHOD" missed="1" covered="0"/></method><counter type="INSTRUCTION" missed="18" covered="0"/><counter type="LINE" missed="6" covered="0"/><counter type="COMPLEXITY" missed="1" covered="0"/><counter type="METHOD" missed="1" covered="0"/><counter type="CLASS" missed="1" covered="0"/></class><class name="com/avob/openadr/server/oadr20b/ven/service/XmlSignatureService"><method name="&lt;init&gt;" desc="()V" line="21"><counter type="INSTRUCTION" missed="0" covered="3"/><counter type="LINE" missed="0" covered="1"/><counter type="COMPLEXITY" missed="0" covered="1"/><counter type="METHOD" missed="0" covered="1"/></method><method name="init" desc="()V" line="32"><counter type="INSTRUCTION" missed="0" covered="13"/><counter type="LINE" missed="0" covered="3"/><counter type="COMPLEXITY" missed="0" covered="1"/><counter type="METHOD" missed="0" covered="1"/></method><method name="sign" desc="(Ljava/lang/Object;)Ljava/lang/String;" line="37"><counter type="INSTRUCTION" missed="15" covered="0"/><counter type="LINE" missed="3" covered="0"/><counter type="COMPLEXITY" missed="1" covered="0"/><counter type="METHOD" missed="1" covered="0"/></method><method name="validate" desc="(Lcom/avob/openadr/model/oadr20b/oadr/OadrPayload;)V" line="43"><counter type="INSTRUCTION" missed="12" covered="0"/><counter type="LINE" missed="3" covered="0"/><counter type="COMPLEXITY" missed="1" covered="0"/><counter type="METHOD" missed="1" covered="0"/></method><counter type="INSTRUCTION" missed="27" covered="16"/><counter type="LINE" missed="6" covered="4"/><counter type="COMPLEXITY" missed="2" covered="2"/><counter type="METHOD" missed="2" covered="2"/><counter type="CLASS" missed="0" covered="1"/></class><class name="com/avob/openadr/server/oadr20b/ven/service/Oadr20bVENEiEventService$EiEventScheduledOnIntervalStartTask"><method name="&lt;init&gt;" desc="(Lcom/avob/openadr/server/oadr20b/ven/service/Oadr20bVENEiEventService;Lcom/avob/openadr/server/oadr20b/ven/VtnSessionConfiguration;Lcom/avob/openadr/model/oadr20b/oadr/OadrDistributeEventType$OadrEvent;Lcom/avob/openadr/model/oadr20b/ei/EiEventSignalType;Lcom/avob/openadr/model/oadr20b/ei/IntervalType;)V" line="96"><counter type="INSTRUCTION" missed="11" covered="0"/><counter type="LINE" missed="3" covered="0"/><counter type="COMPLEXITY" missed="1" covered="0"/><counter type="METHOD" missed="1" covered="0"/></method><method name="run" desc="()V" line="102"><counter type="INSTRUCTION" missed="9" covered="0"/><counter type="LINE" missed="2" covered="0"/><counter type="COMPLEXITY" missed="1" covered="0"/><counter type="METHOD" missed="1" covered="0"/></method><counter type="INSTRUCTION" missed="20" covered="0"/><counter type="LINE" missed="5" covered="0"/><counter type="COMPLEXITY" missed="2" covered="0"/><counter type="METHOD" missed="2" covered="0"/><counter type="CLASS" missed="1" covered="0"/></class><class name="com/avob/openadr/server/oadr20b/ven/service/Oadr20bVENEiEventService$EiEventScheduledOnLastIntervalEndTask"><method name="&lt;init&gt;" desc="(Lcom/avob/openadr/server/oadr20b/ven/service/Oadr20bVENEiEventService;Lcom/avob/openadr/server/oadr20b/ven/VtnSessionConfiguration;Lcom/avob/openadr/model/oadr20b/oadr/OadrDistributeEventType$OadrEvent;Lcom/avob/openadr/model/oadr20b/ei/EiEventSignalType;Lcom/avob/openadr/model/oadr20b/ei/IntervalType;)V" line="108"><counter type="INSTRUCTION" missed="11" covered="0"/><counter type="LINE" missed="3" covered="0"/><counter type="COMPLEXITY" missed="1" covered="0"/><counter type="METHOD" missed="1" covered="0"/></method><method name="run" desc="()V" line="114"><counter type="INSTRUCTION" missed="7" covered="0"/><counter type="LINE" missed="2" covered="0"/><counter type="COMPLEXITY" missed="1" covered="0"/><counter type="METHOD" missed="1" covered="0"/></method><method name="lambda$run$0" desc="(Lcom/avob/openadr/server/oadr20b/ven/service/Oadr20bVENEiEventService$Oadr20bVENEiEventServiceListener;)V" line="115"><counter type="INSTRUCTION" missed="11" covered="0"/><counter type="LINE" missed="1" covered="0"/><counter type="COMPLEXITY" missed="1" covered="0"/><counter type="METHOD" missed="1" covered="0"/></method><counter type="INSTRUCTION" m
[...]
r="316" mi="0" ci="1" mb="0" cb="0"/><line nr="317" mi="0" ci="3" mb="0" cb="0"/><line nr="320" mi="0" ci="8" mb="0" cb="2"/><line nr="329" mi="0" ci="4" mb="0" cb="0"/><line nr="330" mi="0" ci="1" mb="0" cb="0"/><line nr="338" mi="0" ci="5" mb="0" cb="0"/><line nr="339" mi="0" ci="10" mb="0" cb="0"/><line nr="340" mi="0" ci="2" mb="1" cb="1"/><line nr="341" mi="0" ci="3" mb="1" cb="1"/><line nr="342" mi="11" ci="0" mb="0" cb="0"/><line nr="344" mi="0" ci="9" mb="0" cb="0"/><line nr="347" mi="0" ci="1" mb="0" cb="0"/><line nr="348" mi="0" ci="1" mb="0" cb="0"/><line nr="354" mi="0" ci="7" mb="0" cb="0"/><line nr="355" mi="0" ci="2" mb="0" cb="2"/><line nr="356" mi="0" ci="4" mb="0" cb="0"/><line nr="358" mi="0" ci="2" mb="0" cb="0"/><line nr="362" mi="0" ci="7" mb="0" cb="0"/><line nr="363" mi="0" ci="2" mb="0" cb="2"/><line nr="364" mi="0" ci="4" mb="0" cb="0"/><line nr="366" mi="0" ci="8" mb="0" cb="0"/><line nr="367" mi="0" ci="7" mb="0" cb="0"/><line nr="368" mi="0" ci="1" mb="0" cb="0"/><line nr="371" mi="7" ci="0" mb="0" cb="0"/><line nr="372" mi="2" ci="0" mb="2" cb="0"/><line nr="373" mi="5" ci="0" mb="0" cb="0"/><line nr="374" mi="2" ci="0" mb="2" cb="0"/><line nr="375" mi="2" ci="0" mb="0" cb="0"/><line nr="379" mi="2" ci="0" mb="0" cb="0"/><line nr="383" mi="7" ci="0" mb="0" cb="0"/><line nr="384" mi="2" ci="0" mb="0" cb="0"/><line nr="385" mi="2" ci="0" mb="2" cb="0"/><line nr="386" mi="5" ci="0" mb="0" cb="0"/><line nr="388" mi="5" ci="0" mb="0" cb="0"/><line nr="390" mi="2" ci="0" mb="2" cb="0"/><line nr="391" mi="4" ci="0" mb="0" cb="0"/><line nr="393" mi="4" ci="0" mb="0" cb="0"/><line nr="394" mi="5" ci="0" mb="0" cb="0"/><line nr="395" mi="7" ci="0" mb="0" cb="0"/><line nr="396" mi="1" ci="0" mb="0" cb="0"/><line nr="399" mi="5" ci="0" mb="0" cb="0"/><line nr="400" mi="10" ci="0" mb="2" cb="0"/><line nr="401" mi="4" ci="0" mb="0" cb="0"/><line nr="402" mi="1" ci="0" mb="0" cb="0"/><line nr="403" mi="7" ci="0" mb="0" cb="0"/><line nr="404" mi="2" ci="0" mb="2" cb="0"/><line nr="405" mi="2" ci="0" mb="0" cb="0"/><line nr="406" mi="7" ci="0" mb="0" cb="0"/><line nr="408" mi="1" ci="0" mb="0" cb="0"/><line nr="417" mi="0" ci="7" mb="0" cb="0"/><line nr="418" mi="0" ci="2" mb="1" cb="1"/><line nr="419" mi="0" ci="6" mb="0" cb="0"/><line nr="420" mi="0" ci="4" mb="0" cb="0"/><line nr="421" mi="0" ci="2" mb="0" cb="0"/><line nr="423" mi="2" ci="0" mb="0" cb="0"/><line nr="427" mi="0" ci="3" mb="0" cb="0"/><line nr="428" mi="0" ci="1" mb="0" cb="0"/><line nr="431" mi="3" ci="0" mb="2" cb="0"/><line nr="432" mi="5" ci="0" mb="0" cb="0"/><line nr="434" mi="5" ci="0" mb="0" cb="0"/><line nr="435" mi="1" ci="0" mb="0" cb="0"/><counter type="INSTRUCTION" missed="689" covered="182"/><counter type="BRANCH" missed="61" covered="12"/><counter type="LINE" missed="150" covered="40"/><counter type="COMPLEXITY" missed="55" covered="14"/><counter type="METHOD" missed="20" covered="10"/><counter type="CLASS" missed="4" covered="1"/></sourcefile><sourcefile name="StatePersistenceService.java"><line nr="28" mi="0" ci="2" mb="0" cb="0"/><line nr="29" mi="0" ci="3" mb="0" cb="0"/><line nr="30" mi="0" ci="1" mb="0" cb="0"/><line nr="34" mi="5" ci="0" mb="0" cb="0"/><line nr="35" mi="15" ci="0" mb="0" cb="0"/><line nr="36" mi="12" ci="0" mb="0" cb="0"/><line nr="37" mi="3" ci="0" mb="0" cb="0"/><line nr="38" mi="32" ci="0" mb="8" cb="0"/><line nr="39" mi="1" ci="0" mb="0" cb="0"/><line nr="42" mi="15" ci="0" mb="0" cb="0"/><line nr="43" mi="5" ci="0" mb="2" cb="0"/><line nr="44" mi="2" ci="0" mb="0" cb="0"/><line nr="46" mi="1" ci="0" mb="0" cb="0"/><line nr="50" mi="15" ci="0" mb="0" cb="0"/><line nr="51" mi="5" ci="0" mb="2" cb="0"/><line nr="52" mi="10" ci="0" mb="0" cb="0"/><line nr="53" mi="7" ci="0" mb="0" cb="0"/><line nr="54" mi="2" ci="0" mb="0" cb="0"/><line nr="55" mi="9" ci="0" mb="0" cb="0"/><line nr="56" mi="31" ci="0" mb="8" cb="0"/><line nr="58" mi="2" ci="0" mb="0" cb="0"/><counter type="INSTRUCTION" missed="172" covered="6"/><counter type="BRANCH" missed="20" covered="0"/><counter type="LINE" missed="18" covered="3"/><counter type="COMPLEXITY" missed="13" covered="1"/><counter type="METHOD" missed="3" covered="1"/><counter type="CLASS" missed="0" covered="1"/></sourcefile><sourcefile name="PlanRequestService.java"><line nr="23" mi="0" ci="3" mb="0" cb="0"/><line nr="31" mi="11" ci="0" mb="0" cb="0"/><line nr="33" mi="1" ci="0" mb="0" cb="0"/><line nr="36" mi="11" ci="0" mb="0" cb="0"/><line nr="38" mi="1" ci="0" mb="0" cb="0"/><line nr="41" mi="11" ci="0" mb="0" cb="0"/><line nr="43" mi="1" ci="0" mb="0" cb="0"/><line nr="46" mi="11" ci="0" mb="0" cb="0"/><line nr="48" mi="1" ci="0" mb="0" cb="0"/><line nr="51" mi="11" ci="0" mb="0" cb="0"/><line nr="53" mi="1" ci="0" mb="0" cb="0"/><counter type="INSTRUCTION" missed="60" covered="3"/><counter type="LINE" missed="10" covered="1"/><counter type="COMPLEXITY" missed="5" covered="1"/><counter type="METHOD" missed="5" covered="1"/><counter type="CLASS" missed="0" covered="1"/></sourcefile><sourcefile name="Oadr20bPollService.java"><line nr="43" mi="0" ci="2" mb="0" cb="0"/><line nr="45" mi="0" ci="4" mb="0" cb="0"/><line nr="65" mi="0" ci="6" mb="0" cb="0"/><line nr="71" mi="5" ci="0" mb="0" cb="0"/><line nr="72" mi="3" ci="0" mb="0" cb="0"/><line nr="73" mi="1" ci="0" mb="0" cb="0"/><line nr="77" mi="3" ci="0" mb="2" cb="0"/><line nr="78" mi="3" ci="0" mb="0" cb="0"/><line nr="79" mi="3" ci="0" mb="0" cb="0"/><line nr="80" mi="3" ci="0" mb="0" cb="0"/><line nr="82" mi="3" ci="0" mb="0" cb="0"/><line nr="84" mi="4" ci="0" mb="2" cb="0"/><line nr="85" mi="3" ci="0" mb="0" cb="0"/><line nr="86" mi="3" ci="0" mb="0" cb="0"/><line nr="87" mi="8" ci="0" mb="0" cb="0"/><line nr="89" mi="4" ci="0" mb="0" cb="0"/><line nr="90" mi="5" ci="0" mb="2" cb="0"/><line nr="91" mi="10" ci="0" mb="0" cb="0"/><line nr="92" mi="4" ci="0" mb="0" cb="0"/><line nr="95" mi="4" ci="0" mb="2" cb="0"/><line nr="96" mi="3" ci="0" mb="0" cb="0"/><line nr="97" mi="3" ci="0" mb="0" cb="0"/><line nr="99" mi="6" ci="0" mb="0" cb="0"/><line nr="100" mi="2" ci="0" mb="0" cb="0"/><line nr="102" mi="7" ci="0" mb="0" cb="0"/><line nr="103" mi="2" ci="0" mb="0" cb="0"/><line nr="105" mi="7" ci="0" mb="2" cb="0"/><line nr="106" mi="9" ci="0" mb="0" cb="0"/><line nr="107" mi="6" ci="0" mb="0" cb="0"/><line nr="108" mi="6" ci="0" mb="0" cb="0"/><line nr="109" mi="4" ci="0" mb="0" cb="0"/><line nr="111" mi="3" ci="0" mb="0" cb="0"/><line nr="114" mi="4" ci="0" mb="2" cb="0"/><line nr="115" mi="3" ci="0" mb="0" cb="0"/><line nr="116" mi="3" ci="0" mb="0" cb="0"/><line nr="118" mi="8" ci="0" mb="0" cb="0"/><line nr="120" mi="5" ci="0" mb="0" cb="0"/><line nr="121" mi="7" ci="0" mb="0" cb="0"/><line nr="122" mi="2" ci="0" mb="0" cb="0"/><line nr="124" mi="7" ci="0" mb="2" cb="0"/><line nr="125" mi="9" ci="0" mb="0" cb="0"/><line nr="126" mi="6" ci="0" mb="0" cb="0"/><line nr="127" mi="6" ci="0" mb="0" cb="0"/><line nr="128" mi="4" ci="0" mb="0" cb="0"/><line nr="130" mi="3" ci="0" mb="0" cb="0"/><line nr="133" mi="4" ci="0" mb="2" cb="0"/><line nr="134" mi="3" ci="0" mb="0" cb="0"/><line nr="135" mi="3" ci="0" mb="0" cb="0"/><line nr="137" mi="8" ci="0" mb="0" cb="0"/><line nr="139" mi="7" ci="0" mb="0" cb="0"/><line nr="140" mi="2" ci="0" mb="0" cb="0"/><line nr="142" mi="7" ci="0" mb="2" cb="0"/><line nr="143" mi="15" ci="0" mb="0" cb="0"/><line nr="144" mi="6" ci="0" mb="0" cb="0"/><line nr="145" mi="4" ci="0" mb="0" cb="0"/><line nr="147" mi="3" ci="0" mb="0" cb="0"/><line nr="150" mi="4" ci="0" mb="2" cb="0"/><line nr="151" mi="3" ci="0" mb="0" cb="0"/><line nr="152" mi="3" ci="0" mb="0" cb="0"/><line nr="154" mi="8" ci="0" mb="0" cb="0"/><line nr="156" mi="7" ci="0" mb="0" cb="0"/><line nr="157" mi="2" ci="0" mb="0" cb="0"/><line nr="159" mi="7" ci="0" mb="2" cb="0"/><line nr="160" mi="15" ci="0" mb="0" cb="0"/><line nr="161" mi="6" ci="0" mb="0" cb="0"/><line nr="162" mi="4" ci="0" mb="0" cb="0"/><line nr="164" mi="3" ci="0" mb="0" cb="0"/><line nr="167" mi="4" ci="0" mb="2" cb="0"/><line nr="168" mi="3" ci="0" mb="0" cb="0"/><line nr="169" mi="3" ci="0" mb="0" cb="0"/><line nr="172" mi="8" ci="0" mb="0" cb="0"/><line nr="177" mi="4" ci="0" mb="2" cb="0"/><line nr="178" mi="3" ci="0" mb="0" cb="0"/><line nr="179" mi="3" ci="0" mb="0" cb="0"/><line nr="181" mi="8" ci="0" mb="0" cb="0"/><line nr="183" mi="7" ci="0" mb="0" cb="0"/><line nr="184" mi="2" ci="0" mb="0" cb="0"/><line nr="186" mi="7" ci="0" mb="2" cb="0"/><line nr="187" mi="15" ci="0" mb="0" cb="0"/><line nr="188" mi="6" ci="0" mb="0" cb="0"/><line nr="189" mi="4" ci="0" mb="0" cb="0"/><line nr="191" mi="3" ci="0" mb="0" cb="0"/><line nr="194" mi="4" ci="0" mb="2" cb="0"/><line nr="195" mi="3" ci="0" mb="0" cb="0"/><line nr="196" mi="3" ci="0" mb="0" cb="0"/><line nr="198" mi="7" ci="0" mb="2" cb="0"/><line nr="199" mi="14" ci="0" mb="0" cb="0"/><line nr="200" mi="6" ci="0" mb="0" cb="0"/><line nr="201" mi="4" ci="0" mb="0" cb="0"/><line nr="204" mi="3" ci="0" mb="2" cb="0"/><line nr="205" mi="13" ci="0" mb="0" cb="0"/><line nr="206" mi="2" ci="0" mb="2" cb="0"/><line nr="207" mi="3" ci="0" mb="0" cb="0"/><line nr="209" mi="1" ci="0" mb="0" cb="0"/><line nr="214" mi="7" ci="0" mb="0" cb="0"/><line nr="215" mi="2" ci="0" mb="2" cb="0"/><line nr="216" mi="6" ci="0" mb="0" cb="0"/><line nr="219" mi="7" ci="0" mb="0" cb="0"/><line nr="222" mi="9" ci="0" mb="0" cb="0"/><line nr="224" mi="3" ci="0" mb="0" cb="0"/><line nr="226" mi="1" ci="0" mb="0" cb="0"/><line nr="227" mi="4" ci="0" mb="0" cb="0"/><line nr="228" mi="1" ci="0" mb="0" cb="0"/><line nr="229" mi="13" ci="0" mb="0" cb="0"/><line nr="230" mi="3" ci="0" mb="0" cb="0"/><line nr="231" mi="4" ci="0" mb="2" cb="0"/><line nr="232" mi="3" ci="0" mb="0" cb="0"/><line nr="233" mi="6" ci="0" mb="0" cb="0"/><line nr="234" mi="5" ci="0" mb="0" cb="0"/><line nr="236" mi="1" ci="0" mb="0" cb="0"/><line nr="237" mi="4" ci="0" mb="0" cb="0"/><line nr="238" mi="1" ci="0" mb="0" cb="0"/><line nr="239" mi="4" ci="0" mb="0" cb="0"/><line nr="240" mi="1" ci="0" mb="0" cb="0"/><line nr="241" mi="4" ci="0" mb="0" cb="0"/><line nr="242" mi="5" ci="0" mb="0" cb="0"/><line nr="244" mi="1" ci="0" mb="0" cb="0"/><line nr="250" mi="6" ci="0" mb="2" cb="0"/><line nr="251" mi="9" ci="0" mb="0" cb="0"/><line nr="253" mi="1" ci="0" mb="0" cb="0"/><line nr="256" mi="4" ci="0" mb="0" cb="0"/><line nr="257" mi="3" ci="0" mb="0" cb="0"/><line nr="258" mi="1" ci="0" mb="0" cb="0"/><line nr="261" mi="5" ci="0" mb="2" cb="0"/><line nr="262" mi="5" ci="0" mb="2" cb="0"/><line nr="263" mi="8" ci="0" mb="0" cb="0"/><line nr="264" mi="4" ci="0" mb="0" cb="0"/><line nr="265" mi="2" ci="0" mb="0" cb="0"/><line nr="266" mi="2" ci="0" mb="2" cb="0"/><line nr="267" mi="1" ci="0" mb="0" cb="0"/><line nr="268" mi="3" ci="0" mb="0" cb="0"/><line nr="270" mi="10" ci="0" mb="0" cb="0"/><line nr="271" mi="10" ci="0" mb="0" cb="0"/><line nr="272" mi="4" ci="0" mb="0" cb="0"/><line nr="274" mi="7" ci="0" mb="0" cb="0"/><line nr="277" mi="1" ci="0" mb="0" cb="0"/><counter type="INSTRUCTION" missed="642" covered="12"/><counter type="BRANCH" missed="48" covered="0"/><counter type="LINE" missed="133" covered="3"/><counter type="COMPLEXITY" missed="30" covered="2"/><counter type="METHOD" missed="6" covered="2"/><counter type="CLASS" missed="1" covered="1"/></sourcefile><counter type="INSTRUCTION" missed="2189" covered="238"/><counter type="BRANCH" missed="155" covered="12"/><counter type="LINE" missed="476" covered="56"/><counter type="COMPLEXITY" missed="136" covered="24"/><counter type="METHOD" missed="54" covered="20"/><counter type="CLASS" missed="5" covered="7"/></package><package name="com/avob/openadr/server/oadr20b/ven/exception"><class name="com/avob/openadr/server/oadr20b/ven/exception/Oadr20bCancelPartyRegistrationApplicationLayerException"><method name="&lt;init&gt;" desc="(Ljava/lang/Exception;Lcom/avob/openadr/model/oadr20b/oadr/OadrCanceledPartyRegistrationType;)V" line="16"><counter type="INSTRUCTION" missed="7" covered="0"/><counter type="LINE" missed="3" covered="0"/><counter type="COMPLEXITY" missed="1" covered="0"/><counter type="METHOD" missed="1" covered="0"/></method><method name="&lt;init&gt;" desc="(Ljava/lang/String;Lcom/avob/openadr/model/oadr20b/oadr/OadrCanceledPartyRegistrationType;)V" line="22"><counter type="INSTRUCTION" missed="7" covered="0"/><counter type="LINE" missed="3" covered="0"/><counter type="COMPLEXITY" missed="1" covered="0"/><counter type="METHOD" missed="1" covered="0"/></method><method name="getResponse" desc="()Lcom/avob/openadr/model/oadr20b/oadr/OadrCanceledPartyRegistrationType;" line="27"><counter type="INSTRUCTION" missed="3" covered="0"/><counter type="LINE" missed="1" covered="0"/><counter type="COMPLEXITY" missed="1" covered="0"/><counter type="METHOD" missed="1" covered="0"/></method><counter type="INSTRUCTION" missed="17" covered="0"/><counter type="LINE" missed="7" covered="0"/><counter type="COMPLEXITY" missed="3" covered="0"/><counter type="METHOD" missed="3" covered="0"/><counter type="CLASS" missed="1" covered="0"/></class><class name="com/avob/openadr/server/oadr20b/ven/exception/Oadr20bDistributeEventApplicationLayerException"><method name="&lt;init&gt;" desc="(Ljava/lang/Exception;Lcom/avob/openadr/model/oadr20b/oadr/OadrResponseType;)V" line="16"><counter type="INSTRUCTION" missed="7" covered="0"/><counter type="LINE" missed="3" covered="0"/><counter type="COMPLEXITY" missed="1" covered="0"/><counter type="METHOD" missed="1" covered="0"/></method><method name="&lt;init&gt;" desc="(Ljava/lang/String;Lcom/avob/openadr/model/oadr20b/oadr/OadrResponseType;)V" line="21"><counter type="INSTRUCTION" missed="0" covered="7"/><counter type="LINE" missed="0" covered="3"/><counter type="COMPLEXITY" missed="0" covered="1"/><counter type="METHOD" missed="0" covered="1"/></method><method name="getResponse" desc="()Lcom/avob/openadr/model/oadr20b/oadr/OadrResponseType;" line="26"><counter type="INSTRUCTION" missed="3" covered="0"/><counter type="LINE" missed="1" covered="0"/><counter type="COMPLEXITY" missed="1" covered="0"/><counter type="METHOD" missed="1" covered="0"/></method><counter type="INSTRUCTION" missed="10" covered="7"/><counter type="LINE" missed="4" covered="3"/><counter type="COMPLEXITY" missed="2" covered="1"/><counter type="METHOD" missed="2" covered="1"/><counter type="CLASS" missed="0" covered="1"/></class><sourcefile name="Oadr20bDistributeEventApplicationLayerException.java"><line nr="16" mi="3" ci="0" mb="0" cb="0"/><line nr="17" mi="3" ci="0" mb="0" cb="0"/><line nr="18" mi="1" ci="0" mb="0" cb="0"/><line nr="21" mi="0" ci="3" mb="0" cb="0"/><line nr="22" mi="0" ci="3" mb="0" cb="0"/><line nr="23" mi="0" ci="1" mb="0" cb="0"/><line nr="26" mi="3" ci="0" mb="0" cb="0"/><counter type="INSTRUCTION" missed="10" covered="7"/><counter type="LINE" missed="4" covered="3"/><counter type="COMPLEXITY" missed="2" covered="1"/><counter type="METHOD" missed="2" covered="1"/><counter type="CLASS" missed="0" covered="1"/></sourcefile><sourcefile name="Oadr20bCancelPartyRegistrationApplicationLayerException.java"><line nr="16" mi="3" ci="0" mb="0" cb="0"/><line nr="17" mi="3" ci="0" mb="0" cb="0"/><line nr="18" mi="1" ci="0" mb="0" cb="0"/><line nr="22" mi="3" ci="0" mb="0" cb="0"/><line nr="23" mi="3" ci="0" mb="0" cb="0"/><line nr="24" mi="1" ci="0" mb="0" cb="0"/><line nr="27" mi="3" ci="0" mb="0" cb="0"/><counter type="INSTRUCTION" missed="17" covered="0"/><counter type="LINE" missed="7" covered="0"/><counter type="COMPLEXITY" missed="3" covered="0"/><counter type="METHOD" missed="3" covered="0"/><counter type="CLASS" missed="1" covered="0"/></sourcefile><counter type="INSTRUCTION" missed="27" covered="7"/><counter type="LINE" missed="11" covered="3"/><counter type="COMPLEXITY" missed="5" covered="1"/><counter type="METHOD" missed="5" covered="1"/><counter type="CLASS" missed="1" covered="1"/></package><package name="com/avob/openadr/server/oadr20b/ven/exception/handler"><class name="com/avob/openadr/server/oadr20b/ven/exception/handler/Oadr20bGlobalExceptionHandler"><method name="&lt;init&gt;" desc="()V" line="17"><counter type="INSTRUCTION" missed="0" covered="3"/><counter type="LINE" missed="0" covered="1"/><counter type="COMPLEXITY" missed="0" covered="1"/><counter type="METHOD" missed="0" covered="1"/></method><method name="handleOadr20bXMLSignatureValidationException" desc="(Lcom/avob/openadr/model/oadr20b/exception/Oadr20bXMLSignatureValidationException;)V" line="30"><counter type="INSTRUCTION" missed="5" covered="0"/><counter type="LINE" missed="2" covered="0"/><counter type="COMPLEXITY" missed="1" covered="0"/><counter type="METHOD" missed="1" covered="0"/></method><method name="handleOadr20bXMLSignatureException" desc="(Lcom/avob/openadr/model/oadr20b/exception/Oadr20bXMLSignatureException;)V" line="42"><counter type="INSTRUCTION" missed="5" covered="0"/><counter type="LINE" missed="2" covered="0"/><counter type="COMPLEXITY" missed="1" covered="0"/><counter type="METHOD" missed="1" covered="0"/></method><method name="handleOadrHttp20aException" desc="(Lcom/avob/openadr/model/oadr20b/exception/Oadr20bUnmarshalException;)V" line="54"><counter type="INSTRUCTION" missed="0" covered="5"/><counter type="LINE" missed="0" covered="2"/><counter type="COMPLEXITY" missed="0" covered="1"/><counter type="METHOD" missed="0" covered="1"/></method><method name="handleOadr20aMarshalException" desc="(Lcom/avob/openadr/model/oadr20b/exception/Oadr20bMarshalException;)V" line="66"><counter type="INSTRUCTION" missed="6" covered="0"/><counter type="LINE" missed="2" covered="0"/><counter type="COMPLEXITY" missed="1" covered="0"/><counter type="METHOD" missed="1" covered="0"/></method><method name="handleOadr20aApplicationLayerException" desc="(Lcom/avob/openadr/model/oadr20b/exception/Oadr20bApplicationLayerException;)V" line="77"><counter type="INSTRUCTION" missed="5" covered="0"/><counter type="LINE" missed="2" covered="0"/><counter type="COMPLEXITY" missed="1" covered="0"/><counter type="METHOD" missed="1" covered="0"/></method><method name="&lt;clinit&gt;" desc="()V" line="19"><counter type="INSTRUCTION" missed="0" covered="4"/><counter type="LINE" missed="0" covered="1"/><counter type="COMPLEXITY" missed="0" covered="1"/><counter type="METHOD" missed="0" covered="1"/></method><counter type="INSTRUCTION" missed="21" covered="12"/><counter type="LINE" missed="8" covered="4"/><counter type="COMPLEXITY" missed="4" covered="3"/><counter type="METHOD" missed="4" covered="3"/><counter type="CLASS" missed="0" covered="1"/></class><sourcefile name="Oadr20bGlobalExceptionHandler.java"><line nr="17" mi="0" ci="3" mb="0" cb="0"/><line nr="19" mi="0" ci="4" mb="0" cb="0"/><line nr="30" mi="4" ci="0" mb="0" cb="0"/><line nr="31" mi="1" ci="0" mb="0" cb="0"/><line nr="42" mi="4" ci="0" mb="0" cb="0"/><line nr="43" mi="1" ci="0" mb="0" cb="0"/><line nr="54" mi="0" ci="4" mb="0" cb="0"/><line nr="55" mi="0" ci="1" mb="0" cb="0"/><line nr="66" mi="5" ci="0" mb="0" cb="0"/><line nr="67" mi="1" ci="0" mb="0" cb="0"/><line nr="77" mi="4" ci="0" mb="0" cb="0"/><line nr="78" mi="1" ci="0" mb="0" cb="0"/><counter type="INSTRUCTION" missed="21" covered="12"/><counter type="LINE" missed="8" covered="4"/><counter type="COMPLEXITY" missed="4" covered="3"/><counter type="METHOD" missed="4" covered="3"/><counter type="CLASS" missed="0" covered="1"/></sourcefile><counter type="INSTRUCTION" missed="21" covered="12"/><counter type="LINE" missed="8" covered="4"/><counter type="COMPLEXITY" missed="4" covered="3"/><counter type="METHOD" missed="4" covered="3"/><counter type="CLASS" missed="0" covered="1"/></package><counter type="INSTRUCTION" missed="3678" covered="941"/><counter type="BRANCH" missed="251" covered="30"/><counter type="LINE" missed="844" covered="222"/><counter type="COMPLEXITY" missed="260" covered="78"/><counter type="METHOD" missed="125" covered="70"/><counter type="CLASS" missed="12" covered="20"/></report>