GROUP,PACKAGE,CLASS,INSTRUCTION_MISSED,INSTRUCTION_COVERED,BRANCH_MISSED,BRANCH_COVERED,LINE_MISSED,LINE_COVERED,COMPLEXITY_MISSED,COMPLEXITY_COVERED,METHOD_MISSED,METHOD_COVERED
OpenADRServerVTN20b,com.avob.openadr.server.oadr20b.vtn.models.venreport.capability,ReportCapabilityDescription,12,89,0,0,6,37,3,26,3,26
OpenADRServerVTN20b,com.avob.openadr.server.oadr20b.vtn.models.venreport.capability,SelfReportCapability,7,3,0,0,3,1,2,1,2,1
OpenADRServerVTN20b,com.avob.openadr.server.oadr20b.vtn.models.venreport.capability,ReportCapability,12,40,0,0,6,16,3,12,3,12
OpenADRServerVTN20b,com.avob.openadr.server.oadr20b.vtn.models.venreport.capability,SelfReportCapabilityDescription,10,7,0,0,4,3,3,2,3,2
OpenADRServerVTN20b,com.avob.openadr.server.oadr20b.vtn.models.venreport.capability,OtherReportCapabilityDescription,14,9,0,0,6,5,4,2,4,2
OpenADRServerVTN20b,com.avob.openadr.server.oadr20b.vtn.models.venreport.capability,OtherReportCapability,14,9,0,0,6,5,4,2,4,2
OpenADRServerVTN20b,com.avob.openadr.server.oadr20b.vtn.exception.eievent,Oadr20bRequestEventApplicationLayerException,7,10,0,0,3,4,1,2,1,2
OpenADRServerVTN20b,com.avob.openadr.server.oadr20b.vtn.exception.eievent,Oadr20bCreatedEventApplicationLayerException,7,10,0,0,3,4,1,2,1,2
OpenADRServerVTN20b,com.avob.openadr.server.oadr20b.vtn.exception,OadrElementNotFoundException,4,3,0,0,2,2,1,1,1,1
OpenADRServerVTN20b,com.avob.openadr.server.oadr20b.vtn.service.push,Oadr20bPushService,342,88,33,1,78,15,22,5,5,5
OpenADRServerVTN20b,com.avob.openadr.server.oadr20b.vtn.service.push,Oadr20bDemandResponseEventCreateListener,88,11,6,0,17,5,4,2,1,2
OpenADRServerVTN20b,com.avob.openadr.server.oadr20b.vtn.service.report,OtherReportDataService,0,17,0,0,0,4,0,4,0,4
OpenADRServerVTN20b,com.avob.openadr.server.oadr20b.vtn.service.report,SelfReportDataService,3,3,0,0,1,1,1,1,1,1
OpenADRServerVTN20b,com.avob.openadr.server.oadr20b.vtn.service.report,SelfReportCapabilityDescriptionService,0,17,0,0,0,4,0,4,0,4
OpenADRServerVTN20b,com.avob.openadr.server.oadr20b.vtn.service.report,OtherReportCapabilityService,10,17,0,0,2,4,2,4,2,4
OpenADRServerVTN20b,com.avob.openadr.server.oadr20b.vtn.service.report,SelfReportCapabilityService,0,12,0,0,0,3,0,3,0,3
OpenADRServerVTN20b,com.avob.openadr.server.oadr20b.vtn.service.report,OtherReportCapabilityDescriptionService,11,22,0,0,2,5,2,5,2,5
OpenADRServerVTN20b,com.avob.openadr.server.oadr20b.vtn.service.report,SelfReportRequestService,0,17,0,0,0,4,0,4,0,4
OpenADRServerVTN20b,com.avob.openadr.server.oadr20b.vtn.service.report,OtherReportRequestService,24,22,0,0,5,5,4,5,4,5
OpenADRServerVTN20b,com.avob.openadr.server.oadr20b.vtn.service.dtomapper,Oadr20bDtoMapper,0,66,0,0,0,16,0,5,0,5
OpenADRServerVTN20b,com.avob.openadr.server.oadr20b.vtn.service.dtomapper,OtherReportCapabilityMapper,2,8,0,0,1,3,1,2,1,2
OpenADRServerVTN20b,com.avob.openadr.server.oadr20b.vtn.service.dtomapper,OtherReportCapabilityDescriptionMapper,2,8,0,0,1,3,1,2,1,2
OpenADRServerVTN20b,com.avob.openadr.server.oadr20b.vtn.service.dtomapper,Oadr20bDtoMapper.new BeanMappingBuilder() {...},0,48,0,0,0,9,0,2,0,2
OpenADRServerVTN20b,com.avob.openadr.server.oadr20b.vtn.service.dtomapper,Oadr20bDtoMapper.new BeanMappingBuilder() {...},0,48,0,0,0,6,0,2,0,2
OpenADRServerVTN20b,com.avob.openadr.server.oadr20b.vtn.exception.eiopt,Oadr20bCancelOptApplicationLayerException,7,10,0,0,3,4,1,2,1,2
OpenADRServerVTN20b,com.avob.openadr.server.oadr20b.vtn.exception.eiopt,Oadr20bCreateOptApplicationLayerException,7,10,0,0,3,4,1,2,1,2
OpenADRServerVTN20b,com.avob.openadr.server.oadr20b.vtn.exception.eiregisterparty,Oadr20bCanceledPartyRegistrationTypeApplicationLayerException,17,0,0,0,7,0,3,0,3,0
OpenADRServerVTN20b,com.avob.openadr.server.oadr20b.vtn.exception.eiregisterparty,Oadr20bCancelPartyRegistrationTypeApplicationLayerException,7,10,0,0,3,4,1,2,1,2
OpenADRServerVTN20b,com.avob.openadr.server.oadr20b.vtn.exception.eiregisterparty,Oadr20bQueryRegistrationTypeApplicationLayerException,17,0,0,0,7,0,3,0,3,0
OpenADRServerVTN20b,com.avob.openadr.server.oadr20b.vtn.exception.eiregisterparty,Oadr20bResponsePartyReregistrationApplicationLayerException,17,0,0,0,7,0,3,0,3,0
OpenADRServerVTN20b,com.avob.openadr.server.oadr20b.vtn.exception.eiregisterparty,Oadr20bCreatePartyRegistrationTypeApplicationLayerException,7,10,0,0,3,4,1,2,1,2
OpenADRServerVTN20b,com.avob.openadr.server.oadr20b.vtn.exception.eireport,Oadr20bRegisterReportApplicationLayerException,7,10,0,0,3,4,1,2,1,2
OpenADRServerVTN20b,com.avob.openadr.server.oadr20b.vtn.exception.eireport,Oadr20bCreatedReportApplicationLayerException,7,10,0,0,3,4,1,2,1,2
OpenADRServerVTN20b,com.avob.openadr.server.oadr20b.vtn.exception.eireport,Oadr20bCreateReportApplicationLayerException,7,10,0,0,3,4,1,2,1,2
OpenADRServerVTN20b,com.avob.openadr.server.oadr20b.vtn.exception.eireport,Oadr20bCancelReportApplicationLayerException,7,10,0,0,3,4,1,2,1,2
OpenADRServerVTN20b,com.avob.openadr.server.oadr20b.vtn.exception.eireport,Oadr20bUpdateReportApplicationLayerException,7,10,0,0,3,4,1,2,1,2
OpenADRServerVTN20b,com.avob.openadr.server.oadr20b.vtn.exception.poll,Oadr20bPollApplicationLayerException,7,10,0,0,3,4,1,2,1,2
OpenADRServerVTN20b,com.avob.openadr.server.oadr20b.vtn.controller,Oadr20bVTNEiRegisterPartyController,122,192,8,14,20,36,8,12,2,7
OpenADRServerVTN20b,com.avob.openadr.server.oadr20b.vtn.controller,Oadr20bVenController,241,370,9,21,55,89,14,29,9,19
OpenADRServerVTN20b,com.avob.openadr.server.oadr20b.vtn.controller,Oadr20bVTNEiOptController,18,135,2,8,3,27,2,9,0,6
OpenADRServerVTN20b,com.avob.openadr.server.oadr20b.vtn.controller,Oadr20bVTNOadrPollController,10,89,2,4,2,20,2,6,0,5
OpenADRServerVTN20b,com.avob.openadr.server.oadr20b.vtn.controller,Oadr20bVTNEiEventController,66,88,6,4,11,19,5,6,1,5
OpenADRServerVTN20b,com.avob.openadr.server.oadr20b.vtn.controller,Oadr20bVtnController,53,41,1,1,15,9,2,5,1,5
OpenADRServerVTN20b,com.avob.openadr.server.oadr20b.vtn.controller,VtnConfigurationDto,62,0,0,0,26,0,17,0,17,0
OpenADRServerVTN20b,com.avob.openadr.server.oadr20b.vtn.controller,Oadr20bVTNEiReportController,77,238,5,17,12,45,5,15,0,9
OpenADRServerVTN20b,com.avob.openadr.server.oadr20b.vtn.controller,Oadr20bEventController,70,374,8,24,13,71,9,13,2,4
OpenADRServerVTN20b,com.avob.openadr.server.oadr20b.vtn.exception.handler,Oadr20bGlobalExceptionHandler,29,21,0,0,11,8,4,4,4,4
OpenADRServerVTN20b,com.avob.openadr.server.oadr20b.vtn.exception.handler,Oadr20bOadrPollExceptionHandler,0,15,0,0,0,4,0,3,0,3
OpenADRServerVTN20b,com.avob.openadr.server.oadr20b.vtn.exception.handler,Oadr20bEiOptExceptionHandler,0,23,0,0,0,6,0,4,0,4
OpenADRServerVTN20b,com.avob.openadr.server.oadr20b.vtn.exception.handler,Oadr20bEiReportExceptionHandler,0,47,0,0,0,12,0,7,0,7
OpenADRServerVTN20b,com.avob.openadr.server.oadr20b.vtn.exception.handler,Oadr20bVenControllerExceptionHandler,0,12,0,0,0,4,0,3,0,3
OpenADRServerVTN20b,com.avob.openadr.server.oadr20b.vtn.exception.handler,Oadr20bEiRegisterPartyExceptionHandler,24,23,0,0,6,6,3,4,3,4
OpenADRServerVTN20b,com.avob.openadr.server.oadr20b.vtn.exception.handler,Oadr20bEiEventExceptionHandler,0,23,0,0,0,6,0,4,0,4
OpenADRServerVTN20b,com.avob.openadr.server.oadr20b.vtn.models.venreport.request,OtherReportRequest,3,56,0,0,1,24,1,11,1,11
OpenADRServerVTN20b,com.avob.openadr.server.oadr20b.vtn.models.venreport.request,SelfReportRequest,9,27,0,0,3,13,3,5,3,5
OpenADRServerVTN20b,com.avob.openadr.server.oadr20b.vtn.models.venreport.request,ReportRequest,4,58,0,0,2,24,1,16,1,16
OpenADRServerVTN20b,com.avob.openadr.server.oadr20b.vtn,HttpSecurityConfig,0,117,0,0,0,22,0,3,0,3
OpenADRServerVTN20b,com.avob.openadr.server.oadr20b.vtn,MvcConfig,0,48,0,0,0,6,0,3,0,3
OpenADRServerVTN20b,com.avob.openadr.server.oadr20b.vtn,VTN20bApplication,36,68,0,0,14,16,1,4,1,4
OpenADRServerVTN20b,com.avob.openadr.server.oadr20b.vtn,Oadr20bX509AuthenticatedUserDetailsService,7,18,0,0,2,6,0,2,0,2
OpenADRServerVTN20b,com.avob.openadr.server.oadr20b.vtn,HttpSecurityConfig.new AuthenticationEntryPoint() {...},32,6,8,0,7,1,5,1,1,1
OpenADRServerVTN20b,com.avob.openadr.server.oadr20b.vtn.models.venpoll,VenPoll,0,44,0,0,0,19,0,10,0,10
OpenADRServerVTN20b,com.avob.openadr.server.oadr20b.vtn.converter,InstantConverter,5,10,1,1,3,3,1,2,0,2
OpenADRServerVTN20b,com.avob.openadr.server.oadr20b.vtn.converter,OptConverter,22,11,7,3,10,4,7,2,2,1
OpenADRServerVTN20b,com.avob.openadr.server.oadr20b.vtn.converter,OptConverter.new Object() {...},4,33,0,0,0,2,0,1,0,1
OpenADRServerVTN20b,com.avob.openadr.server.oadr20b.vtn.models.venopt,VenOpt,55,55,0,0,24,21,11,10,11,10
OpenADRServerVTN20b,com.avob.openadr.server.oadr20b.vtn.models.venreport.data,SelfReportData,0,3,0,0,0,1,0,1,0,1
OpenADRServerVTN20b,com.avob.openadr.server.oadr20b.vtn.models.venreport.data,OtherReportData,0,3,0,0,0,1,0,1,0,1
OpenADRServerVTN20b,com.avob.openadr.server.oadr20b.vtn.models.venreport.data,ReportData,52,119,0,0,26,47,13,36,13,36
OpenADRServerVTN20b,com.avob.openadr.server.oadr20b.vtn.service,Oadr20bVTNEiReportService,1205,1226,179,85,322,362,123,34,10,15
OpenADRServerVTN20b,com.avob.openadr.server.oadr20b.vtn.service,Oadr20bVTNEiRegisterPartyService,268,436,41,33,74,120,31,19,4,9
OpenADRServerVTN20b,com.avob.openadr.server.oadr20b.vtn.service,VenOptService,19,265,16,82,5,42,17,38,1,5
OpenADRServerVTN20b,com.avob.openadr.server.oadr20b.vtn.service,GenericService,0,32,0,0,0,9,0,7,0,7
OpenADRServerVTN20b,com.avob.openadr.server.oadr20b.vtn.service,VenPollService,0,55,1,3,0,11,1,4,0,3
OpenADRServerVTN20b,com.avob.openadr.server.oadr20b.vtn.service,VenDistributeService,9,27,1,1,1,9,1,3,0,3
OpenADRServerVTN20b,com.avob.openadr.server.oadr20b.vtn.service,Oadr20bVTNEiEventService,76,814,34,64,20,211,31,33,1,14
OpenADRServerVTN20b,com.avob.openadr.server.oadr20b.vtn.service,XmlSignatureService,0,40,0,0,0,10,0,4,0,4
OpenADRServerVTN20b,com.avob.openadr.server.oadr20b.vtn.service,Oadr20bVTNEiOptService,130,381,26,40,29,92,23,15,0,5
OpenADRServerVTN20b,com.avob.openadr.server.oadr20b.vtn.service,Oadr20bVTNOadrPollService,31,84,8,12,8,26,6,7,0,3
