<?xml version="1.0" encoding="UTF-8" standalone="yes"?><!DOCTYPE report PUBLIC "-//JACOCO//DTD Report 1.0//EN" "report.dtd"><report name="OpenADRHTTPClient20b"><sessioninfo id="bzanni-ef0b82ad" start="1549637702834" dump="1549637704091"/><package name="com/avob/openadr/client/http/oadr20b/ven"><class name="com/avob/openadr/client/http/oadr20b/ven/OadrHttpVenClient20b"><method name="&lt;init&gt;" desc="(Lcom/avob/openadr/client/http/oadr20b/OadrHttpClient20b;)V" line="37"><counter type="INSTRUCTION" missed="0" covered="6"/><counter type="LINE" missed="0" covered="3"/><counter type="COMPLEXITY" missed="0" covered="1"/><counter type="METHOD" missed="0" covered="1"/></method><method name="oadrCreatedReport" desc="(Lcom/avob/openadr/model/oadr20b/oadr/OadrCreatedReportType;)Lcom/avob/openadr/model/oadr20b/oadr/OadrResponseType;" line="53"><counter type="INSTRUCTION" missed="9" covered="0"/><counter type="LINE" missed="1" covered="0"/><counter type="COMPLEXITY" missed="1" covered="0"/><counter type="METHOD" missed="1" covered="0"/></method><method name="oadrCreateReport" desc="(Lcom/avob/openadr/model/oadr20b/oadr/OadrCreateReportType;)Lcom/avob/openadr/model/oadr20b/oadr/OadrCreatedReportType;" line="59"><counter type="INSTRUCTION" missed="9" covered="0"/><counter type="LINE" missed="1" covered="0"/><counter type="COMPLEXITY" missed="1" covered="0"/><counter type="METHOD" missed="1" covered="0"/></method><method name="oadrUpdateReport" desc="(Lcom/avob/openadr/model/oadr20b/oadr/OadrUpdateReportType;)Lcom/avob/openadr/model/oadr20b/oadr/OadrUpdatedReportType;" line="65"><counter type="INSTRUCTION" missed="9" covered="0"/><counter type="LINE" missed="1" covered="0"/><counter type="COMPLEXITY" missed="1" covered="0"/><counter type="METHOD" missed="1" covered="0"/></method><method name="oadrUpdatedReport" desc="(Lcom/avob/openadr/model/oadr20b/oadr/OadrUpdatedReportType;)Lcom/avob/openadr/model/oadr20b/oadr/OadrResponseType;" line="71"><counter type="INSTRUCTION" missed="9" covered="0"/><counter type="LINE" missed="1" covered="0"/><counter type="COMPLEXITY" missed="1" covered="0"/><counter type="METHOD" missed="1" covered="0"/></method><method name="oadrCancelReport" desc="(Lcom/avob/openadr/model/oadr20b/oadr/OadrCancelReportType;)Lcom/avob/openadr/model/oadr20b/oadr/OadrCanceledReportType;" line="77"><counter type="INSTRUCTION" missed="9" covered="0"/><counter type="LINE" missed="1" covered="0"/><counter type="COMPLEXITY" missed="1" covered="0"/><counter type="METHOD" missed="1" covered="0"/></method><method name="oadrCanceledReport" desc="(Lcom/avob/openadr/model/oadr20b/oadr/OadrCanceledReportType;)Lcom/avob/openadr/model/oadr20b/oadr/OadrResponseType;" line="83"><counter type="INSTRUCTION" missed="9" covered="0"/><counter type="LINE" missed="1" covered="0"/><counter type="COMPLEXITY" missed="1" covered="0"/><counter type="METHOD" missed="1" covered="0"/></method><method name="oadrPoll" desc="(Lcom/avob/openadr/model/oadr20b/oadr/OadrPollType;)Ljava/lang/Object;" line="89"><counter type="INSTRUCTION" missed="8" covered="0"/><counter type="LINE" missed="1" covered="0"/><counter type="COMPLEXITY" missed="1" covered="0"/><counter type="METHOD" missed="1" covered="0"/></method><method name="oadrCreatePartyRegistration" desc="(Lcom/avob/openadr/model/oadr20b/oadr/OadrCreatePartyRegistrationType;)Lcom/avob/openadr/model/oadr20b/oadr/OadrCreatedPartyRegistrationType;" line="95"><counter type="INSTRUCTION" missed="9" covered="0"/><counter type="LINE" missed="1" covered="0"/><counter type="COMPLEXITY" missed="1" covered="0"/><counter type="METHOD" missed="1" covered="0"/></method><method name="oadrCancelPartyRegistration" desc="(Lcom/avob/openadr/model/oadr20b/oadr/OadrCancelPartyRegistrationType;)Lcom/avob/openadr/model/oadr20b/oadr/OadrCanceledPartyRegistrationType;" line="102"><counter type="INSTRUCTION" missed="9" covered="0"/><counter type="LINE" missed="1" covered="0"/><counter type="COMPLEXITY" missed="1" covered="0"/><counter type="METHOD" missed="1" covered="0"/></method><method name="oadrResponseReregisterParty" desc="(Lcom/avob/openadr/model/oadr20b/oadr/OadrResponseType;)Lcom/avob/openadr/model/oadr20b/oadr/OadrResponseType;" line="108"><counter type="INSTRUCTION" missed="9" covered="0"/><counter type="LINE" missed="1" covered="0"/><counter type="COMPLEXITY" missed="1" covered="0"/><counter type="METHOD" missed="1" covered="0"/></method><method name="oadrCanceledPartyRegistrationType" desc="(Lcom/avob/openadr/model/oadr20b/oadr/OadrCanceledPartyRegistrationType;)Lcom/avob/openadr/model/oadr20b/oadr/OadrResponseType;" line="115"><counter type="INSTRUCTION" missed="9" covered="0"/><counter type="LINE" missed="1" covered="0"/><counter type="COMPLEXITY" missed="1" covered="0"/><counter type="METHOD" missed="1" covered="0"/></method><method name="oadrCreateOpt" desc="(Lcom/avob/openadr/model/oadr20b/oadr/OadrCreateOptType;)Lcom/avob/openadr/model/oadr20b/oadr/OadrCreatedOptType;" line="121"><counter type="INSTRUCTION" missed="9" covered="0"/><counter type="LINE" missed="1" covered="0"/><counter type="COMPLEXITY" missed="1" covered="0"/><counter type="METHOD" missed="1" covered="0"/></method><method name="oadrCancelOptType" desc="(Lcom/avob/openadr/model/oadr20b/oadr/OadrCancelOptType;)Lcom/avob/openadr/model/oadr20b/oadr/OadrCanceledOptType;" line="127"><counter type="INSTRUCTION" missed="9" covered="0"/><counter type="LINE" missed="1" covered="0"/><counter type="COMPLEXITY" missed="1" covered="0"/><counter type="METHOD" missed="1" covered="0"/></method><method name="oadrCreatedEvent" desc="(Lcom/avob/openadr/model/oadr20b/oadr/OadrCreatedEventType;)Lcom/avob/openadr/model/oadr20b/oadr/OadrResponseType;" line="133"><counter type="INSTRUCTION" missed="0" covered="9"/><counter type="LINE" missed="0" covered="1"/><counter type="COMPLEXITY" missed="0" covered="1"/><counter type="METHOD" missed="0" covered="1"/></method><method name="oadrRequestEvent" desc="(Lcom/avob/openadr/model/oadr20b/oadr/OadrRequestEventType;)Lcom/avob/openadr/model/oadr20b/oadr/OadrDistributeEventType;" line="139"><counter type="INSTRUCTION" missed="0" covered="9"/><counter type="LINE" missed="0" covered="1"/><counter type="COMPLEXITY" missed="0" covered="1"/><counter type="METHOD" missed="0" covered="1"/></method><method name="oadrRegisterReport" desc="(Lcom/avob/openadr/model/oadr20b/oadr/OadrRegisterReportType;)Lcom/avob/openadr/model/oadr20b/oadr/OadrRegisteredReportType;" line="145"><counter type="INSTRUCTION" missed="9" covered="0"/><counter type="LINE" missed="1" covered="0"/><counter type="COMPLEXITY" missed="1" covered="0"/><counter type="METHOD" missed="1" covered="0"/></method><method name="oadrQueryRegistrationType" desc="(Lcom/avob/openadr/model/oadr20b/oadr/OadrQueryRegistrationType;)Lcom/avob/openadr/model/oadr20b/oadr/OadrCreatedPartyRegistrationType;" line="152"><counter type="INSTRUCTION" missed="9" covered="0"/><counter type="LINE" missed="1" covered="0"/><counter type="COMPLEXITY" missed="1" covered="0"/><counter type="METHOD" missed="1" covered="0"/></method><counter type="INSTRUCTION" missed="134" covered="24"/><counter type="LINE" missed="15" covered="5"/><counter type="COMPLEXITY" missed="15" covered="3"/><counter type="METHOD" missed="15" covered="3"/><counter type="CLASS" missed="0" covered="1"/></class><sourcefile name="OadrHttpVenClient20b.java"><line nr="37" mi="0" ci="2" mb="0" cb="0"/><line nr="38" mi="0" ci="3" mb="0" cb="0"/><line nr="39" mi="0" ci="1" mb="0" cb="0"/><line nr="53" mi="9" ci="0" mb="0" cb="0"/><line nr="59" mi="9" ci="0" mb="0" cb="0"/><line nr="65" mi="9" ci="0" mb="0" cb="0"/><line nr="71" mi="9" ci="0" mb="0" cb="0"/><line nr="77" mi="9" ci="0" mb="0" cb="0"/><line nr="83" mi="9" ci="0" mb="0" cb="0"/><line nr="89" mi="8" ci="0" mb="0" cb="0"/><line nr="95" mi="9" ci="0" mb="0" cb="0"/><line nr="102" mi="9" ci="0" mb="0" cb="0"/><line nr="108" mi="9" ci="0" mb="0" cb="0"/><line nr="115" mi="9" ci="0" mb="0" cb="0"/><line nr="121" mi="9" ci="0" mb="0" cb="0"/><line nr="127" mi="9" ci="0" mb="0" cb="0"/><line nr="133" mi="0" ci="9" mb="0" cb="0"/><line nr="139" mi="0" ci="9" mb="0" cb="0"/><line nr="145" mi="9" ci="0" mb="0" cb="0"/><line nr="152" mi="9" ci="0" mb="0" cb="0"/><counter type="INSTRUCTION" missed="134" covered="24"/><counter type="LINE" missed="15" covered="5"/><counter type="COMPLEXITY" missed="15" covered="3"/><counter type="METHOD" missed="15" covered="3"/><counter type="CLASS" missed="0" covered="1"/></sourcefile><counter type="INSTRUCTION" missed="134" covered="24"/><counter type="LINE" missed="15" covered="5"/><counter type="COMPLEXITY" missed="15" covered="3"/><counter type="METHOD" missed="15" covered="3"/><counter type="CLASS" missed="0" covered="1"/></package><package name="com/avob/openadr/client/http/oadr20b"><class name="com/avob/openadr/client/http/oadr20b/OadrHttpClient20b"><method name="&lt;init&gt;" desc="(Lcom/avob/openadr/client/http/OadrHttpClient;)V" line="49"><counter type="INSTRUCTION" missed="0" covered="12"/><counter type="LINE" missed="0" covered="5"/><counter type="COMPLEXITY" missed="0" covered="1"/><counter type="METHOD" missed="0" covered="1"/></method><method name="&lt;init&gt;" desc="(Lcom/avob/openadr/client/http/OadrHttpClient;Z)V" line="49"><counter type="INSTRUCTION" missed="0" covered="15"/><counter type="LINE" missed="0" covered="6"/><counter type="COMPLEXITY" missed="0" covered="1"/><counter type="METHOD" missed="0" covered="1"/></method><method name="&lt;init&gt;" desc="(Lcom/avob/openadr/client/http/OadrHttpClient;Ljava/lang/String;Ljava/lang/String;Ljava/lang/Long;)V" line="49"><counter type="INSTRUCTION" missed="23" covered="0"/><counter type="LINE" missed="8" covered="0"/><counter type="COMPLEXITY" missed="1" covered="0"/><counter type="METHOD" missed="1" covered="0"/></method><method name="isXmlSignatureEnabled" desc="()Z" line="74"><counter type="INSTRUCTION" missed="8" covered="5"/><counter type="BRANCH" missed="5" covered="1"/><counter type="LINE" missed="0" covered="1"/><counter type="COMPLEXITY" missed="3" covered="1"/><counter type="METHOD" missed="0" covered="1"/></method><method name="post" desc="(Ljavax/xml/bind/JAXBElement;Ljava/lang/String;Ljava/lang/Class;)Ljava/lang/Object;" line="91"><counter type="INSTRUCTION" missed="0" covered="8"/><counter type="LINE" missed="0" covered="1"/><counter type="COMPLEXITY" missed="0" covered="1"/><counter type="METHOD" missed="0" covered="1"/></method><method name="sign" desc="(Ljava/lang/Object;)Ljava/lang/String;" line="95"><counter type="INSTRUCTION" missed="15" covered="0"/><counter type="LINE" missed="3" covered="0"/><counter type="COMPLEXITY" missed="1" covered="0"/><counter type="METHOD" missed="1" covered="0"/></method><method name="validate" desc="(Lcom/avob/openadr/model/oadr20b/oadr/OadrPayload;)V" line="101"><counter type="INSTRUCTION" missed="11" covered="0"/><counter type="LINE" missed="3" covered="0"/><counter type="COMPLEXITY" missed="1" covered="0"/><counter type="METHOD" missed="1" covered="0"/></method><method name="post" desc="(Ljava/lang/String;Ljava/lang/String;Lorg/apache/http/client/protocol/HttpClientContext;Ljavax/xml/bind/JAXBElement;Ljava/lang/Class;)Ljava/lang/Object;" line="121"><counter type="INSTRUCTION" missed="66" covered="85"/><counter type="BRANCH" missed="4" covered="4"/><counter type="LINE" missed="18" covered="17"/><counter type="COMPLEXITY" missed="3" covered="2"/><counter type="METHOD" missed="0" covered="1"/></method><counter type="INSTRUCTION" missed="123" covered="125"/><counter type="BRANCH" missed="9" covered="5"/><counter type="LINE" missed="31" covered="29"/><counter type="COMPLEXITY" missed="9" covered="6"/><counter type="METHOD" missed="3" covered="5"/><counter type="CLASS" missed="0" covered="1"/></class><sourcefile name="OadrHttpClient20b.java"><line nr="49" mi="3" ci="6" mb="0" cb="0"/><line nr="51" mi="0" ci="2" mb="0" cb="0"/><line nr="52" mi="0" ci="3" mb="0" cb="0"/><line nr="53" mi="0" ci="3" mb="0" cb="0"/><line nr="54" mi="0" ci="1" mb="0" cb="0"/><line nr="56" mi="0" ci="2" mb="0" cb="0"/><line nr="57" mi="0" ci="3" mb="0" cb="0"/><line nr="58" mi="0" ci="3" mb="0" cb="0"/><line nr="59" mi="0" ci="3" mb="0" cb="0"/><line nr="60" mi="0" ci="1" mb="0" cb="0"/><line nr="63" mi="2" ci="0" mb="0" cb="0"/><line nr="64" mi="3" ci="0" mb="0" cb="0"/><line nr="65" mi="3" ci="0" mb="0" cb="0"/><line nr="67" mi="4" ci="0" mb="0" cb="0"/><line nr="68" mi="4" ci="0" mb="0" cb="0"/><line nr="70" mi="3" ci="0" mb="0" cb="0"/><line nr="71" mi="1" ci="0" mb="0" cb="0"/><line nr="74" mi="8" ci="5" mb="5" cb="1"/><line nr="91" mi="0" ci="8" mb="0" cb="0"/><line nr="95" mi="3" ci="0" mb="0" cb="0"/><line nr="96" mi="3" ci="0" mb="0" cb="0"/><line nr="97" mi="9" ci="0" mb="0" cb="0"/><line nr="101" mi="2" ci="0" mb="0" cb="0"/><line nr="102" mi="8" ci="0" mb="0" cb="0"/><line nr="103" mi="1" ci="0" mb="0" cb="0"/><line nr="121" mi="0" ci="4" mb="0" cb="0"/><line nr="122" mi="0" ci="2" mb="0" cb="0"/><line nr="123" mi="0" ci="3" mb="1" cb="1"/><line nr="124" mi="6" ci="0" mb="0" cb="0"/><line nr="126" mi="0" ci="7" mb="0" cb="0"/><line nr="129" mi="0" ci="5" mb="0" cb="0"/><line nr="130" mi="0" ci="3" mb="0" cb="0"/><line nr="131" mi="0" ci="15" mb="0" cb="0"/><line nr="133" mi="0" ci="5" mb="0" cb="2"/><line nr="134" mi="0" ci="3" mb="0" cb="0"/><line nr="135" mi="0" ci="6" mb="0" cb="0"/><line nr="136" mi="0" ci="4" mb="0" cb="0"/><line nr="139" mi="0" ci="3" mb="1" cb="1"/><line nr="141" mi="6" ci="0" mb="0" cb="0"/><line nr="142" mi="6" ci="0" mb="0" cb="0"/><line nr="144" mi="3" ci="0" mb="0" cb="0"/><line nr="145" mi="3" ci="0" mb="0" cb="0"/><line nr="146" mi="4" ci="0" mb="2" cb="0"/><line nr="147" mi="1" ci="0" mb="0" cb="0"/><line nr="148" mi="2" ci="0" mb="0" cb="0"/><line nr="150" mi="4" ci="0" mb="0" cb="0"/><line nr="152" mi="4" ci="0" mb="0" cb="0"/><line nr="155" mi="1" ci="0" mb="0" cb="0"/><line nr="156" mi="5" ci="0" mb="0" cb="0"/><line nr="159" mi="0" ci="11" mb="0" cb="0"/><line nr="164" mi="1" ci="0" mb="0" cb="0"/><line nr="165" mi="6" ci="0" mb="0" cb="0"/><line nr="166" mi="1" ci="0" mb="0" cb="0"/><line nr="167" mi="6" ci="0" mb="0" cb="0"/><line nr="168" mi="0" ci="1" mb="0" cb="0"/><line nr="169" mi="0" ci="6" mb="0" cb="0"/><line nr="170" mi="0" ci="1" mb="0" cb="0"/><line nr="171" mi="0" ci="6" mb="0" cb="0"/><line nr="172" mi="1" ci="0" mb="0" cb="0"/><line nr="173" mi="6" ci="0" mb="0" cb="0"/><counter type="INSTRUCTION" missed="123" covered="125"/><counter type="BRANCH" missed="9" covered="5"/><counter type="LINE" missed="31" covered="29"/><counter type="COMPLEXITY" missed="9" covered="6"/><counter type="METHOD" missed="3" covered="5"/><counter type="CLASS" missed="0" covered="1"/></sourcefile><counter type="INSTRUCTION" missed="123" covered="125"/><counter type="BRANCH" missed="9" covered="5"/><counter type="LINE" missed="31" covered="29"/><counter type="COMPLEXITY" missed="9" covered="6"/><counter type="METHOD" missed="3" covered="5"/><counter type="CLASS" missed="0" covered="1"/></package><package name="com/avob/openadr/client/http/oadr20b/vtn"><class name="com/avob/openadr/client/http/oadr20b/vtn/OadrHttpVtnClient20b"><method name="&lt;init&gt;" desc="(Lcom/avob/openadr/client/http/oadr20b/OadrHttpClient20b;)V" line="32"><counter type="INSTRUCTION" missed="0" covered="6"/><counter type="LINE" missed="0" covered="3"/><counter type="COMPLEXITY" missed="0" covered="1"/><counter type="METHOD" missed="0" covered="1"/></method><method name="oadrCancelPartyRegistrationType" desc="(Lcom/avob/openadr/model/oadr20b/oadr/OadrCancelPartyRegistrationType;)Lcom/avob/openadr/model/oadr20b/oadr/OadrCanceledPartyRegistrationType;" line="39"><counter type="INSTRUCTION" missed="9" covered="0"/><counter type="LINE" missed="1" covered="0"/><counter type="COMPLEXITY" missed="1" covered="0"/><counter type="METHOD" missed="1" covered="0"/></method><method name="oadrRequestReregistrationType" desc="(Lcom/avob/openadr/model/oadr20b/oadr/OadrRequestReregistrationType;)Lcom/avob/openadr/model/oadr20b/oadr/OadrResponseType;" line="46"><counter type="INSTRUCTION" missed="9" covered="0"/><counter type="LINE" missed="1" covered="0"/><counter type="COMPLEXITY" missed="1" covered="0"/><counter type="METHOD" missed="1" covered="0"/></method><method name="oadrCreatedReport" desc="(Lcom/avob/openadr/model/oadr20b/oadr/OadrCreatedReportType;)Lcom/avob/openadr/model/oadr20b/oadr/OadrResponseType;" line="53"><counter type="INSTRUCTION" missed="9" covered="0"/><counter type="LINE" missed="1" covered="0"/><counter type="COMPLEXITY" missed="1" covered="0"/><counter type="METHOD" missed="1" covered="0"/></method><method name="oadrCreateReport" desc="(Lcom/avob/openadr/model/oadr20b/oadr/OadrCreateReportType;)Lcom/avob/openadr/model/oadr20b/oadr/OadrCreatedReportType;" line="60"><counter type="INSTRUCTION" missed="9" covered="0"/><counter type="LINE" missed="1" covered="0"/><counter type="COMPLEXITY" missed="1" covered="0"/><counter type="METHOD" missed="1" covered="0"/></method><method name="oadrUpdateReport" desc="(Lcom/avob/openadr/model/oadr20b/oadr/OadrUpdateReportType;)Lcom/avob/openadr/model/oadr20b/oadr/OadrUpdatedReportType;" line="67"><counter type="INSTRUCTION" missed="9" covered="0"/><counter type="LINE" missed="1" covered="0"/><counter type="COMPLEXITY" missed="1" covered="0"/><counter type="METHOD" missed="1" covered="0"/></method><method name="oadrCancelReport" desc="(Lcom/avob/openadr/model/oadr20b/oadr/OadrCancelReportType;)Lcom/avob/openadr/model/oadr20b/oadr/OadrCanceledReportType;" line="74"><counter type="INSTRUCTION" missed="9" covered="0"/><counter type="LINE" missed="1" covered="0"/><counter type="COMPLEXITY" missed="1" covered="0"/><counter type="METHOD" missed="1" covered="0"/></method><method name="oadrCreatedOpt" desc="(Lcom/avob/openadr/model/oadr20b/oadr/OadrCreatedOptType;)Lcom/avob/openadr/model/oadr20b/oadr/OadrCreateOptType;" line="81"><counter type="INSTRUCTION" missed="9" covered="0"/><counter type="LINE" missed="1" covered="0"/><counter type="COMPLEXITY" missed="1" covered="0"/><counter type="METHOD" missed="1" covered="0"/></method><method name="oadrCanceledOptType" desc="(Lcom/avob/openadr/model/oadr20b/oadr/OadrCanceledOptType;)Lcom/avob/openadr/model/oadr20b/oadr/OadrCancelOptType;" line="88"><counter type="INSTRUCTION" missed="9" covered="0"/><counter type="LINE" missed="1" covered="0"/><counter type="COMPLEXITY" missed="1" covered="0"/><counter type="METHOD" missed="1" covered="0"/></method><method name="oadrRegisterReport" desc="(Lcom/avob/openadr/model/oadr20b/oadr/OadrRegisterReportType;)Lcom/avob/openadr/model/oadr20b/oadr/OadrRegisteredReportType;" line="95"><counter type="INSTRUCTION" missed="9" covered="0"/><counter type="LINE" missed="1" covered="0"/><counter type="COMPLEXITY" missed="1" covered="0"/><counter type="METHOD" missed="1" covered="0"/></method><method name="oadrDistributeEvent" desc="(Lcom/avob/openadr/model/oadr20b/oadr/OadrDistributeEventType;)Lcom/avob/openadr/model/oadr20b/oadr/OadrResponseType;" line="102"><counter type="INSTRUCTION" missed="0" covered="9"/><counter type="LINE" missed="0" covered="1"/><counter type="COMPLEXITY" missed="0" covered="1"/><counter type="METHOD" missed="0" covered="1"/></method><method name="oadrDistributeEvent" desc="(Ljava/lang/String;Lcom/avob/openadr/model/oadr20b/oadr/OadrDistributeEventType;)Lcom/avob/openadr/model/oadr20b/oadr/OadrResponseType;" line="109"><counter type="INSTRUCTION" missed="0" covered="11"/><counter type="LINE" missed="0" covered="1"/><counter type="COMPLEXITY" missed="0" covered="1"/><counter type="METHOD" missed="0" covered="1"/></method><method name="oadrCancelPartyRegistrationType" desc="(Ljava/lang/String;Lcom/avob/openadr/model/oadr20b/oadr/OadrCancelPartyRegistrationType;)Lcom/avob/openadr/model/oadr20b/oadr/OadrCanceledPartyRegistrationType;" line="116"><counter type="INSTRUCTION" missed="11" covered="0"/><counter type="LINE" missed="2" covered="0"/><counter type="COMPLEXITY" missed="1" covered="0"/><counter type="METHOD" missed="1" covered="0"/></method><method name="oadrRequestReregistrationType" desc="(Ljava/lang/String;Lcom/avob/openadr/model/oadr20b/oadr/OadrRequestReregistrationType;)Lcom/avob/openadr/model/oadr20b/oadr/OadrResponseType;" line="123"><counter type="INSTRUCTION" missed="11" covered="0"/><counter type="LINE" missed="2" covered="0"/><counter type="COMPLEXITY" missed="1" covered="0"/><counter type="METHOD" missed="1" covered="0"/></method><method name="oadrCreatedReport" desc="(Ljava/lang/String;Lcom/avob/openadr/model/oadr20b/oadr/OadrCreatedReportType;)Lcom/avob/openadr/model/oadr20b/oadr/OadrResponseType;" line="130"><counter type="INSTRUCTION" missed="11" covered="0"/><counter type="LINE" missed="1" covered="0"/><counter type="COMPLEXITY" missed="1" covered="0"/><counter type="METHOD" missed="1" covered="0"/></method><method name="oadrCreateReport" desc="(Ljava/lang/String;Lcom/avob/openadr/model/oadr20b/oadr/OadrCreateReportType;)Lcom/avob/openadr/model/oadr20b/oadr/OadrCreatedReportType;" line="137"><counter type="INSTRUCTION" missed="11" covered="0"/><counter type="LINE" missed="1" covered="0"/><counter type="COMPLEXITY" missed="1" covered="0"/><counter type="METHOD" missed="1" covered="0"/></method><method name="oadrUpdateReport" desc="(Ljava/lang/String;Lcom/avob/openadr/model/oadr20b/oadr/OadrUpdateReportType;)Lcom/avob/openadr/model/oadr20b/oadr/OadrUpdatedReportType;" line="144"><counter type="INSTRUCTION" missed="11" covered="0"/><counter type="LINE" missed="1" covered="0"/><counter type="COMPLEXITY" missed="1" covered="0"/><counter type="METHOD" missed="1" covered="0"/></method><method name="oadrCancelReport" desc="(Ljava/lang/String;Lcom/avob/openadr/model/oadr20b/oadr/OadrCancelReportType;)Lcom/avob/openadr/model/oadr20b/oadr/OadrCanceledReportType;" line="151"><counter type="INSTRUCTION" missed="11" covered="0"/><counter type="LINE" missed="1" covered="0"/><counter type="COMPLEXITY" missed="1" covered="0"/><counter type="METHOD" missed="1" covered="0"/></method><method name="oadrCreatedOpt" desc="(Ljava/lang/String;Lcom/avob/openadr/model/oadr20b/oadr/OadrCreatedOptType;)Lcom/avob/openadr/model/oadr20b/oadr/OadrCreateOptType;" line="158"><counter type="INSTRUCTION" missed="11" covered="0"/><counter type="LINE" missed="1" covered="0"/><counter type="COMPLEXITY" missed="1" covered="0"/><counter type="METHOD" missed="1" covered="0"/></method><method name="oadrCanceledOptType" desc="(Ljava/lang/String;Lcom/avob/openadr/model/oadr20b/oadr/OadrCanceledOptType;)Lcom/avob/openadr/model/oadr20b/oadr/OadrCancelOptType;" line="165"><counter type="INSTRUCTION" missed="11" covered="0"/><counter type="LINE" missed="1" covered="0"/><counter type="COMPLEXITY" missed="1" covered="0"/><counter type="METHOD" missed="1" covered="0"/></method><method name="oadrRegisterReport" desc="(Ljava/lang/String;Lcom/avob/openadr/model/oadr20b/oadr/OadrRegisterReportType;)Lcom/avob/openadr/model/oadr20b/oadr/OadrRegisteredReportType;" line="172"><counter type="INSTRUCTION" missed="11" covered="0"/><counter type="LINE" missed="2" covered="0"/><counter type="COMPLEXITY" missed="1" covered="0"/><counter type="METHOD" missed="1" covered="0"/></method><counter type="INSTRUCTION" missed="180" covered="26"/><counter type="LINE" missed="21" covered="5"/><counter type="COMPLEXITY" missed="18" covered="3"/><counter type="METHOD" missed="18" covered="3"/><counter type="CLASS" missed="0" covered="1"/></class><sourcefile name="OadrHttpVtnClient20b.java"><line nr="32" mi="0" ci="2" mb="0" cb="0"/><line nr="33" mi="0" ci="3" mb="0" cb="0"/><line nr="34" mi="0" ci="1" mb="0" cb="0"/><line nr="39" mi="9" ci="0" mb="0" cb="0"/><line nr="46" mi="9" ci="0" mb="0" cb="0"/><line nr="53" mi="9" ci="0" mb="0" cb="0"/><line nr="60" mi="9" ci="0" mb="0" cb="0"/><line nr="67" mi="9" ci="0" mb="0" cb="0"/><line nr="74" mi="9" ci="0" mb="0" cb="0"/><line nr="81" mi="9" ci="0" mb="0" cb="0"/><line nr="88" mi="9" ci="0" mb="0" cb="0"/><line nr="95" mi="9" ci="0" mb="0" cb="0"/><line nr="102" mi="0" ci="9" mb="0" cb="0"/><line nr="109" mi="0" ci="11" mb="0" cb="0"/><line nr="116" mi="9" ci="0" mb="0" cb="0"/><line nr="117" mi="2" ci="0" mb="0" cb="0"/><line nr="123" mi="9" ci="0" mb="0" cb="0"/><line nr="124" mi="2" ci="0" mb="0" cb="0"/><line nr="130" mi="11" ci="0" mb="0" cb="0"/><line nr="137" mi="11" ci="0" mb="0" cb="0"/><line nr="144" mi="11" ci="0" mb="0" cb="0"/><line nr="151" mi="11" ci="0" mb="0" cb="0"/><line nr="158" mi="11" ci="0" mb="0" cb="0"/><line nr="165" mi="11" ci="0" mb="0" cb="0"/><line nr="172" mi="9" ci="0" mb="0" cb="0"/><line nr="173" mi="2" ci="0" mb="0" cb="0"/><counter type="INSTRUCTION" missed="180" covered="26"/><counter type="LINE" missed="21" covered="5"/><counter type="COMPLEXITY" missed="18" covered="3"/><counter type="METHOD" missed="18" covered="3"/><counter type="CLASS" missed="0" covered="1"/></sourcefile><counter type="INSTRUCTION" missed="180" covered="26"/><counter type="LINE" missed="21" covered="5"/><counter type="COMPLEXITY" missed="18" covered="3"/><counter type="METHOD" missed="18" covered="3"/><counter type="CLASS" missed="0" covered="1"/></package><counter type="INSTRUCTION" missed="437" covered="175"/><counter type="BRANCH" missed="9" covered="5"/><counter type="LINE" missed="67" covered="39"/><counter type="COMPLEXITY" missed="42" covered="12"/><counter type="METHOD" missed="36" covered="11"/><counter type="CLASS" missed="0" covered="3"/></report>